2014-04-23 03:08:43 Error: Fatal Error (1): Class 'AppConctroller' not found in [/Volumes/Data/nfs/zfs-student-2/users/2013/glasset/Documents/mamp/apps/frame/htdocs/app/Controller/UsersController.php, line 2]
2014-04-23 03:08:43 Error: [FatalErrorException] Class 'AppConctroller' not found
Request URL: /users/signup
Stack Trace:
#0 /Volumes/Data/nfs/zfs-student-2/users/2013/glasset/Documents/mamp/apps/frame/htdocs/lib/Cake/Error/ErrorHandler.php(203): ErrorHandler::handleFatalError(1, 'Class 'AppConct...', '/Volumes/Data/n...', 2)
#1 [internal function]: ErrorHandler::handleError(1, 'Class 'AppConct...', '/Volumes/Data/n...', 2, Array)
#2 /Volumes/Data/nfs/zfs-student-2/users/2013/glasset/Documents/mamp/apps/frame/htdocs/lib/Cake/Core/App.php(929): call_user_func('ErrorHandler::h...', 1, 'Class 'AppConct...', '/Volumes/Data/n...', 2, Array)
#3 /Volumes/Data/nfs/zfs-student-2/users/2013/glasset/Documents/mamp/apps/frame/htdocs/lib/Cake/Core/App.php(902): App::_checkFatalError()
#4 [internal function]: App::shutdown()
#5 {main}
2014-04-23 03:15:24 Error: Fatal Error (4): syntax error, unexpected 'extens' (T_STRING), expecting '{' in [/Volumes/Data/nfs/zfs-student-2/users/2013/glasset/Documents/mamp/apps/frame/htdocs/app/Model/User.php, line 2]
2014-04-23 03:15:24 Error: [FatalErrorException] syntax error, unexpected 'extens' (T_STRING), expecting '{'
Request URL: /users/signup
Stack Trace:
#0 /Volumes/Data/nfs/zfs-student-2/users/2013/glasset/Documents/mamp/apps/frame/htdocs/lib/Cake/Error/ErrorHandler.php(203): ErrorHandler::handleFatalError(4, 'syntax error, u...', '/Volumes/Data/n...', 2)
#1 [internal function]: ErrorHandler::handleError(4, 'syntax error, u...', '/Volumes/Data/n...', 2, Array)
#2 /Volumes/Data/nfs/zfs-student-2/users/2013/glasset/Documents/mamp/apps/frame/htdocs/lib/Cake/Core/App.php(929): call_user_func('ErrorHandler::h...', 4, 'syntax error, u...', '/Volumes/Data/n...', 2, Array)
#3 /Volumes/Data/nfs/zfs-student-2/users/2013/glasset/Documents/mamp/apps/frame/htdocs/lib/Cake/Core/App.php(902): App::_checkFatalError()
#4 [internal function]: App::shutdown()
#5 {main}
2014-04-23 03:32:44 Error: Fatal Error (4): syntax error, unexpected ';', expecting ')' in [/Volumes/Data/nfs/zfs-student-2/users/2013/glasset/Documents/mamp/apps/frame/htdocs/app/Model/User.php, line 26]
2014-04-23 03:32:44 Error: [FatalErrorException] syntax error, unexpected ';', expecting ')'
Request URL: /users/signup
Stack Trace:
#0 /Volumes/Data/nfs/zfs-student-2/users/2013/glasset/Documents/mamp/apps/frame/htdocs/lib/Cake/Error/ErrorHandler.php(203): ErrorHandler::handleFatalError(4, 'syntax error, u...', '/Volumes/Data/n...', 26)
#1 [internal function]: ErrorHandler::handleError(4, 'syntax error, u...', '/Volumes/Data/n...', 26, Array)
#2 /Volumes/Data/nfs/zfs-student-2/users/2013/glasset/Documents/mamp/apps/frame/htdocs/lib/Cake/Core/App.php(929): call_user_func('ErrorHandler::h...', 4, 'syntax error, u...', '/Volumes/Data/n...', 26, Array)
#3 /Volumes/Data/nfs/zfs-student-2/users/2013/glasset/Documents/mamp/apps/frame/htdocs/lib/Cake/Core/App.php(902): App::_checkFatalError()
#4 [internal function]: App::shutdown()
#5 {main}
2014-04-23 03:50:15 Error: Fatal Error (1): Class 'Security' not found in [/Volumes/Data/nfs/zfs-student-2/users/2013/glasset/Documents/mamp/apps/frame/htdocs/app/Controller/UsersController.php, line 8]
2014-04-23 03:50:15 Error: [FatalErrorException] Class 'Security' not found
Request URL: /users/signup
Stack Trace:
#0 /Volumes/Data/nfs/zfs-student-2/users/2013/glasset/Documents/mamp/apps/frame/htdocs/lib/Cake/Error/ErrorHandler.php(203): ErrorHandler::handleFatalError(1, 'Class 'Security...', '/Volumes/Data/n...', 8)
#1 [internal function]: ErrorHandler::handleError(1, 'Class 'Security...', '/Volumes/Data/n...', 8, Array)
#2 /Volumes/Data/nfs/zfs-student-2/users/2013/glasset/Documents/mamp/apps/frame/htdocs/lib/Cake/Core/App.php(929): call_user_func('ErrorHandler::h...', 1, 'Class 'Security...', '/Volumes/Data/n...', 8, Array)
#3 /Volumes/Data/nfs/zfs-student-2/users/2013/glasset/Documents/mamp/apps/frame/htdocs/lib/Cake/Core/App.php(902): App::_checkFatalError()
#4 [internal function]: App::shutdown()
#5 {main}
2014-04-23 03:52:14 Error: [MissingActionException] Action UsersController::login() could not be found.
Exception Attributes: array (
  'controller' => 'UsersController',
  'action' => 'login',
)
Request URL: /users/login
Stack Trace:
#0 /Volumes/Data/nfs/zfs-student-2/users/2013/glasset/Documents/mamp/apps/frame/htdocs/lib/Cake/Routing/Dispatcher.php(185): Controller->invokeAction(Object(CakeRequest))
#1 /Volumes/Data/nfs/zfs-student-2/users/2013/glasset/Documents/mamp/apps/frame/htdocs/lib/Cake/Routing/Dispatcher.php(160): Dispatcher->_invoke(Object(UsersController), Object(CakeRequest), Object(CakeResponse))
#2 /Volumes/Data/nfs/zfs-student-2/users/2013/glasset/Documents/mamp/apps/frame/htdocs/app/webroot/index.php(108): Dispatcher->dispatch(Object(CakeRequest), Object(CakeResponse))
#3 {main}
2014-04-23 03:54:15 Error: [MissingActionException] Action UsersController::login() could not be found.
Exception Attributes: array (
  'controller' => 'UsersController',
  'action' => 'login',
)
Request URL: /users/login
Stack Trace:
#0 /Volumes/Data/nfs/zfs-student-2/users/2013/glasset/Documents/mamp/apps/frame/htdocs/lib/Cake/Routing/Dispatcher.php(185): Controller->invokeAction(Object(CakeRequest))
#1 /Volumes/Data/nfs/zfs-student-2/users/2013/glasset/Documents/mamp/apps/frame/htdocs/lib/Cake/Routing/Dispatcher.php(160): Dispatcher->_invoke(Object(UsersController), Object(CakeRequest), Object(CakeResponse))
#2 /Volumes/Data/nfs/zfs-student-2/users/2013/glasset/Documents/mamp/apps/frame/htdocs/app/webroot/index.php(108): Dispatcher->dispatch(Object(CakeRequest), Object(CakeResponse))
#3 {main}
2014-04-23 04:26:08 Error: Fatal Error (4): syntax error, unexpected '.' in [/Volumes/Data/nfs/zfs-student-2/users/2013/glasset/Documents/mamp/apps/frame/htdocs/app/View/Layouts/default.ctp, line 43]
2014-04-23 04:26:08 Error: [FatalErrorException] syntax error, unexpected '.'
Request URL: /
Stack Trace:
#0 /Volumes/Data/nfs/zfs-student-2/users/2013/glasset/Documents/mamp/apps/frame/htdocs/lib/Cake/Error/ErrorHandler.php(203): ErrorHandler::handleFatalError(4, 'syntax error, u...', '/Volumes/Data/n...', 43)
#1 [internal function]: ErrorHandler::handleError(4, 'syntax error, u...', '/Volumes/Data/n...', 43, Array)
#2 /Volumes/Data/nfs/zfs-student-2/users/2013/glasset/Documents/mamp/apps/frame/htdocs/lib/Cake/Core/App.php(929): call_user_func('ErrorHandler::h...', 4, 'syntax error, u...', '/Volumes/Data/n...', 43, Array)
#3 /Volumes/Data/nfs/zfs-student-2/users/2013/glasset/Documents/mamp/apps/frame/htdocs/lib/Cake/Core/App.php(902): App::_checkFatalError()
#4 [internal function]: App::shutdown()
#5 {main}
2014-04-23 04:26:18 Error: Fatal Error (4): syntax error, unexpected '.' in [/Volumes/Data/nfs/zfs-student-2/users/2013/glasset/Documents/mamp/apps/frame/htdocs/app/View/Layouts/default.ctp, line 43]
2014-04-23 04:26:18 Error: [FatalErrorException] syntax error, unexpected '.'
Request URL: /
Stack Trace:
#0 /Volumes/Data/nfs/zfs-student-2/users/2013/glasset/Documents/mamp/apps/frame/htdocs/lib/Cake/Error/ErrorHandler.php(203): ErrorHandler::handleFatalError(4, 'syntax error, u...', '/Volumes/Data/n...', 43)
#1 [internal function]: ErrorHandler::handleError(4, 'syntax error, u...', '/Volumes/Data/n...', 43, Array)
#2 /Volumes/Data/nfs/zfs-student-2/users/2013/glasset/Documents/mamp/apps/frame/htdocs/lib/Cake/Core/App.php(929): call_user_func('ErrorHandler::h...', 4, 'syntax error, u...', '/Volumes/Data/n...', 43, Array)
#3 /Volumes/Data/nfs/zfs-student-2/users/2013/glasset/Documents/mamp/apps/frame/htdocs/lib/Cake/Core/App.php(902): App::_checkFatalError()
#4 [internal function]: App::shutdown()
#5 {main}
2014-04-23 04:26:46 Error: Fatal Error (4): syntax error, unexpected '.' in [/Volumes/Data/nfs/zfs-student-2/users/2013/glasset/Documents/mamp/apps/frame/htdocs/app/View/Layouts/default.ctp, line 43]
2014-04-23 04:26:46 Error: [FatalErrorException] syntax error, unexpected '.'
Request URL: /
Stack Trace:
#0 /Volumes/Data/nfs/zfs-student-2/users/2013/glasset/Documents/mamp/apps/frame/htdocs/lib/Cake/Error/ErrorHandler.php(203): ErrorHandler::handleFatalError(4, 'syntax error, u...', '/Volumes/Data/n...', 43)
#1 [internal function]: ErrorHandler::handleError(4, 'syntax error, u...', '/Volumes/Data/n...', 43, Array)
#2 /Volumes/Data/nfs/zfs-student-2/users/2013/glasset/Documents/mamp/apps/frame/htdocs/lib/Cake/Core/App.php(929): call_user_func('ErrorHandler::h...', 4, 'syntax error, u...', '/Volumes/Data/n...', 43, Array)
#3 /Volumes/Data/nfs/zfs-student-2/users/2013/glasset/Documents/mamp/apps/frame/htdocs/lib/Cake/Core/App.php(902): App::_checkFatalError()
#4 [internal function]: App::shutdown()
#5 {main}
2014-04-23 04:27:01 Error: [MissingControllerException] Controller class Signup.phpController could not be found.
Exception Attributes: array (
  'class' => 'Signup.phpController',
  'plugin' => NULL,
)
Request URL: /signup.php
Stack Trace:
#0 /Volumes/Data/nfs/zfs-student-2/users/2013/glasset/Documents/mamp/apps/frame/htdocs/app/webroot/index.php(108): Dispatcher->dispatch(Object(CakeRequest), Object(CakeResponse))
#1 {main}
2014-04-23 04:27:21 Error: [MissingControllerException] Controller class UserController could not be found.
Exception Attributes: array (
  'class' => 'UserController',
  'plugin' => NULL,
)
Request URL: /user/signup.php
Stack Trace:
#0 /Volumes/Data/nfs/zfs-student-2/users/2013/glasset/Documents/mamp/apps/frame/htdocs/app/webroot/index.php(108): Dispatcher->dispatch(Object(CakeRequest), Object(CakeResponse))
#1 {main}
2014-04-23 04:27:27 Error: [MissingActionException] Action UsersController::signup.php() could not be found.
Exception Attributes: array (
  'controller' => 'UsersController',
  'action' => 'signup.php',
)
Request URL: /users/signup.php
Stack Trace:
#0 /Volumes/Data/nfs/zfs-student-2/users/2013/glasset/Documents/mamp/apps/frame/htdocs/lib/Cake/Routing/Dispatcher.php(185): Controller->invokeAction(Object(CakeRequest))
#1 /Volumes/Data/nfs/zfs-student-2/users/2013/glasset/Documents/mamp/apps/frame/htdocs/lib/Cake/Routing/Dispatcher.php(160): Dispatcher->_invoke(Object(UsersController), Object(CakeRequest), Object(CakeResponse))
#2 /Volumes/Data/nfs/zfs-student-2/users/2013/glasset/Documents/mamp/apps/frame/htdocs/app/webroot/index.php(108): Dispatcher->dispatch(Object(CakeRequest), Object(CakeResponse))
#3 {main}
2014-04-23 04:34:27 Error: [MissingControllerException] Controller class ImgController could not be found.
Exception Attributes: array (
  'class' => 'ImgController',
  'plugin' => NULL,
)
Request URL: /img/android.png
Stack Trace:
#0 /Volumes/Data/nfs/zfs-student-2/users/2013/glasset/Documents/mamp/apps/frame/htdocs/app/webroot/index.php(108): Dispatcher->dispatch(Object(CakeRequest), Object(CakeResponse))
#1 {main}
2014-04-23 04:35:16 Error: [MissingControllerException] Controller class InconeController could not be found.
Exception Attributes: array (
  'class' => 'InconeController',
  'plugin' => NULL,
)
Request URL: /incone/32px/android.png
Stack Trace:
#0 /Volumes/Data/nfs/zfs-student-2/users/2013/glasset/Documents/mamp/apps/frame/htdocs/app/webroot/index.php(108): Dispatcher->dispatch(Object(CakeRequest), Object(CakeResponse))
#1 {main}
2014-04-23 04:35:18 Error: [MissingControllerException] Controller class InconeController could not be found.
Exception Attributes: array (
  'class' => 'InconeController',
  'plugin' => NULL,
)
Request URL: /incone/32px/android.png
Stack Trace:
#0 /Volumes/Data/nfs/zfs-student-2/users/2013/glasset/Documents/mamp/apps/frame/htdocs/app/webroot/index.php(108): Dispatcher->dispatch(Object(CakeRequest), Object(CakeResponse))
#1 {main}
2014-04-23 04:35:24 Error: [MissingControllerException] Controller class IconeController could not be found.
Exception Attributes: array (
  'class' => 'IconeController',
  'plugin' => NULL,
)
Request URL: /icone/32px/android.png
Stack Trace:
#0 /Volumes/Data/nfs/zfs-student-2/users/2013/glasset/Documents/mamp/apps/frame/htdocs/app/webroot/index.php(108): Dispatcher->dispatch(Object(CakeRequest), Object(CakeResponse))
#1 {main}
2014-04-23 04:35:25 Error: [MissingControllerException] Controller class IconeController could not be found.
Exception Attributes: array (
  'class' => 'IconeController',
  'plugin' => NULL,
)
Request URL: /icone/32px/android.png
Stack Trace:
#0 /Volumes/Data/nfs/zfs-student-2/users/2013/glasset/Documents/mamp/apps/frame/htdocs/app/webroot/index.php(108): Dispatcher->dispatch(Object(CakeRequest), Object(CakeResponse))
#1 {main}
2014-04-23 04:36:16 Error: [MissingControllerException] Controller class WebrootController could not be found.
Exception Attributes: array (
  'class' => 'WebrootController',
  'plugin' => NULL,
)
Request URL: /webroot/img/icone/32px/android.png
Stack Trace:
#0 /Volumes/Data/nfs/zfs-student-2/users/2013/glasset/Documents/mamp/apps/frame/htdocs/app/webroot/index.php(108): Dispatcher->dispatch(Object(CakeRequest), Object(CakeResponse))
#1 {main}
2014-04-23 04:36:17 Error: [MissingControllerException] Controller class WebrootController could not be found.
Exception Attributes: array (
  'class' => 'WebrootController',
  'plugin' => NULL,
)
Request URL: /webroot/img/icone/32px/android.png
Stack Trace:
#0 /Volumes/Data/nfs/zfs-student-2/users/2013/glasset/Documents/mamp/apps/frame/htdocs/app/webroot/index.php(108): Dispatcher->dispatch(Object(CakeRequest), Object(CakeResponse))
#1 {main}
2014-04-23 04:36:20 Error: [MissingControllerException] Controller class WebrootController could not be found.
Exception Attributes: array (
  'class' => 'WebrootController',
  'plugin' => NULL,
)
Request URL: /webroot/img/icone/32px/android.png
Stack Trace:
#0 /Volumes/Data/nfs/zfs-student-2/users/2013/glasset/Documents/mamp/apps/frame/htdocs/app/webroot/index.php(108): Dispatcher->dispatch(Object(CakeRequest), Object(CakeResponse))
#1 {main}
2014-04-23 04:37:46 Error: [MissingControllerException] Controller class ImgController could not be found.
Exception Attributes: array (
  'class' => 'ImgController',
  'plugin' => NULL,
)
Request URL: /img/icone/32px/android.png
Stack Trace:
#0 /Volumes/Data/nfs/zfs-student-2/users/2013/glasset/Documents/mamp/apps/frame/htdocs/app/webroot/index.php(108): Dispatcher->dispatch(Object(CakeRequest), Object(CakeResponse))
#1 {main}
2014-04-23 05:50:52 Error: [MissingControllerException] Controller class ImgController could not be found.
Exception Attributes: array (
  'class' => 'ImgController',
  'plugin' => NULL,
)
Request URL: /img/setting.png
Stack Trace:
#0 /Volumes/Data/nfs/zfs-student-2/users/2013/glasset/Documents/mamp/apps/frame/htdocs/app/webroot/index.php(108): Dispatcher->dispatch(Object(CakeRequest), Object(CakeResponse))
#1 {main}
2014-04-23 06:26:44 Error: Fatal Error (4): syntax error, unexpected end of file in [/Volumes/Data/nfs/zfs-student-2/users/2013/glasset/Documents/mamp/apps/frame/htdocs/app/View/Layouts/default.ctp, line 68]
2014-04-23 06:26:44 Error: [FatalErrorException] syntax error, unexpected end of file
Request URL: /users/signup
Stack Trace:
#0 /Volumes/Data/nfs/zfs-student-2/users/2013/glasset/Documents/mamp/apps/frame/htdocs/lib/Cake/Error/ErrorHandler.php(203): ErrorHandler::handleFatalError(4, 'syntax error, u...', '/Volumes/Data/n...', 68)
#1 [internal function]: ErrorHandler::handleError(4, 'syntax error, u...', '/Volumes/Data/n...', 68, Array)
#2 /Volumes/Data/nfs/zfs-student-2/users/2013/glasset/Documents/mamp/apps/frame/htdocs/lib/Cake/Core/App.php(929): call_user_func('ErrorHandler::h...', 4, 'syntax error, u...', '/Volumes/Data/n...', 68, Array)
#3 /Volumes/Data/nfs/zfs-student-2/users/2013/glasset/Documents/mamp/apps/frame/htdocs/lib/Cake/Core/App.php(902): App::_checkFatalError()
#4 [internal function]: App::shutdown()
#5 {main}
2014-04-23 06:28:08 Error: [MissingActionException] Action UsersController::index() could not be found.
Exception Attributes: array (
  'controller' => 'UsersController',
  'action' => 'index',
)
Request URL: /users/index/acion:login
Stack Trace:
#0 /Volumes/Data/nfs/zfs-student-2/users/2013/glasset/Documents/mamp/apps/frame/htdocs/lib/Cake/Routing/Dispatcher.php(185): Controller->invokeAction(Object(CakeRequest))
#1 /Volumes/Data/nfs/zfs-student-2/users/2013/glasset/Documents/mamp/apps/frame/htdocs/lib/Cake/Routing/Dispatcher.php(160): Dispatcher->_invoke(Object(UsersController), Object(CakeRequest), Object(CakeResponse))
#2 /Volumes/Data/nfs/zfs-student-2/users/2013/glasset/Documents/mamp/apps/frame/htdocs/app/webroot/index.php(108): Dispatcher->dispatch(Object(CakeRequest), Object(CakeResponse))
#3 {main}
2014-04-23 06:31:26 Error: [MissingActionException] Action UsersController::index() could not be found.
Exception Attributes: array (
  'controller' => 'UsersController',
  'action' => 'index',
)
Request URL: /users/index/acion:login
Stack Trace:
#0 /Volumes/Data/nfs/zfs-student-2/users/2013/glasset/Documents/mamp/apps/frame/htdocs/lib/Cake/Routing/Dispatcher.php(185): Controller->invokeAction(Object(CakeRequest))
#1 /Volumes/Data/nfs/zfs-student-2/users/2013/glasset/Documents/mamp/apps/frame/htdocs/lib/Cake/Routing/Dispatcher.php(160): Dispatcher->_invoke(Object(UsersController), Object(CakeRequest), Object(CakeResponse))
#2 /Volumes/Data/nfs/zfs-student-2/users/2013/glasset/Documents/mamp/apps/frame/htdocs/app/webroot/index.php(108): Dispatcher->dispatch(Object(CakeRequest), Object(CakeResponse))
#3 {main}
2014-04-23 06:31:29 Error: [MissingActionException] Action UsersController::index() could not be found.
Exception Attributes: array (
  'controller' => 'UsersController',
  'action' => 'index',
)
Request URL: /users/index/acion:login
Stack Trace:
#0 /Volumes/Data/nfs/zfs-student-2/users/2013/glasset/Documents/mamp/apps/frame/htdocs/lib/Cake/Routing/Dispatcher.php(185): Controller->invokeAction(Object(CakeRequest))
#1 /Volumes/Data/nfs/zfs-student-2/users/2013/glasset/Documents/mamp/apps/frame/htdocs/lib/Cake/Routing/Dispatcher.php(160): Dispatcher->_invoke(Object(UsersController), Object(CakeRequest), Object(CakeResponse))
#2 /Volumes/Data/nfs/zfs-student-2/users/2013/glasset/Documents/mamp/apps/frame/htdocs/app/webroot/index.php(108): Dispatcher->dispatch(Object(CakeRequest), Object(CakeResponse))
#3 {main}
2014-04-23 06:31:30 Error: [MissingActionException] Action UsersController::index() could not be found.
Exception Attributes: array (
  'controller' => 'UsersController',
  'action' => 'index',
)
Request URL: /users/index/acion:login
Stack Trace:
#0 /Volumes/Data/nfs/zfs-student-2/users/2013/glasset/Documents/mamp/apps/frame/htdocs/lib/Cake/Routing/Dispatcher.php(185): Controller->invokeAction(Object(CakeRequest))
#1 /Volumes/Data/nfs/zfs-student-2/users/2013/glasset/Documents/mamp/apps/frame/htdocs/lib/Cake/Routing/Dispatcher.php(160): Dispatcher->_invoke(Object(UsersController), Object(CakeRequest), Object(CakeResponse))
#2 /Volumes/Data/nfs/zfs-student-2/users/2013/glasset/Documents/mamp/apps/frame/htdocs/app/webroot/index.php(108): Dispatcher->dispatch(Object(CakeRequest), Object(CakeResponse))
#3 {main}
2014-04-23 06:34:37 Error: [MissingActionException] Action UsersController::index() could not be found.
Exception Attributes: array (
  'controller' => 'UsersController',
  'action' => 'index',
)
Request URL: /users/index/acion:login
Stack Trace:
#0 /Volumes/Data/nfs/zfs-student-2/users/2013/glasset/Documents/mamp/apps/frame/htdocs/lib/Cake/Routing/Dispatcher.php(185): Controller->invokeAction(Object(CakeRequest))
#1 /Volumes/Data/nfs/zfs-student-2/users/2013/glasset/Documents/mamp/apps/frame/htdocs/lib/Cake/Routing/Dispatcher.php(160): Dispatcher->_invoke(Object(UsersController), Object(CakeRequest), Object(CakeResponse))
#2 /Volumes/Data/nfs/zfs-student-2/users/2013/glasset/Documents/mamp/apps/frame/htdocs/app/webroot/index.php(108): Dispatcher->dispatch(Object(CakeRequest), Object(CakeResponse))
#3 {main}
2014-04-23 06:34:41 Error: [MissingActionException] Action UsersController::index() could not be found.
Exception Attributes: array (
  'controller' => 'UsersController',
  'action' => 'index',
)
Request URL: /users/index/acion:login
Stack Trace:
#0 /Volumes/Data/nfs/zfs-student-2/users/2013/glasset/Documents/mamp/apps/frame/htdocs/lib/Cake/Routing/Dispatcher.php(185): Controller->invokeAction(Object(CakeRequest))
#1 /Volumes/Data/nfs/zfs-student-2/users/2013/glasset/Documents/mamp/apps/frame/htdocs/lib/Cake/Routing/Dispatcher.php(160): Dispatcher->_invoke(Object(UsersController), Object(CakeRequest), Object(CakeResponse))
#2 /Volumes/Data/nfs/zfs-student-2/users/2013/glasset/Documents/mamp/apps/frame/htdocs/app/webroot/index.php(108): Dispatcher->dispatch(Object(CakeRequest), Object(CakeResponse))
#3 {main}
2014-04-23 06:44:13 Error: [MissingActionException] Action UsersController::index() could not be found.
Exception Attributes: array (
  'controller' => 'UsersController',
  'action' => 'index',
)
Request URL: /users/index/acion:login
Stack Trace:
#0 /Volumes/Data/nfs/zfs-student-2/users/2013/glasset/Documents/mamp/apps/frame/htdocs/lib/Cake/Routing/Dispatcher.php(185): Controller->invokeAction(Object(CakeRequest))
#1 /Volumes/Data/nfs/zfs-student-2/users/2013/glasset/Documents/mamp/apps/frame/htdocs/lib/Cake/Routing/Dispatcher.php(160): Dispatcher->_invoke(Object(UsersController), Object(CakeRequest), Object(CakeResponse))
#2 /Volumes/Data/nfs/zfs-student-2/users/2013/glasset/Documents/mamp/apps/frame/htdocs/app/webroot/index.php(108): Dispatcher->dispatch(Object(CakeRequest), Object(CakeResponse))
#3 {main}
2014-04-23 06:44:14 Error: [MissingActionException] Action UsersController::index() could not be found.
Exception Attributes: array (
  'controller' => 'UsersController',
  'action' => 'index',
)
Request URL: /users/index/acion:signup
Stack Trace:
#0 /Volumes/Data/nfs/zfs-student-2/users/2013/glasset/Documents/mamp/apps/frame/htdocs/lib/Cake/Routing/Dispatcher.php(185): Controller->invokeAction(Object(CakeRequest))
#1 /Volumes/Data/nfs/zfs-student-2/users/2013/glasset/Documents/mamp/apps/frame/htdocs/lib/Cake/Routing/Dispatcher.php(160): Dispatcher->_invoke(Object(UsersController), Object(CakeRequest), Object(CakeResponse))
#2 /Volumes/Data/nfs/zfs-student-2/users/2013/glasset/Documents/mamp/apps/frame/htdocs/app/webroot/index.php(108): Dispatcher->dispatch(Object(CakeRequest), Object(CakeResponse))
#3 {main}
2014-04-23 06:44:31 Error: [MissingActionException] Action UsersController::index() could not be found.
Exception Attributes: array (
  'controller' => 'UsersController',
  'action' => 'index',
)
Request URL: /users/index/acion:login
Stack Trace:
#0 /Volumes/Data/nfs/zfs-student-2/users/2013/glasset/Documents/mamp/apps/frame/htdocs/lib/Cake/Routing/Dispatcher.php(185): Controller->invokeAction(Object(CakeRequest))
#1 /Volumes/Data/nfs/zfs-student-2/users/2013/glasset/Documents/mamp/apps/frame/htdocs/lib/Cake/Routing/Dispatcher.php(160): Dispatcher->_invoke(Object(UsersController), Object(CakeRequest), Object(CakeResponse))
#2 /Volumes/Data/nfs/zfs-student-2/users/2013/glasset/Documents/mamp/apps/frame/htdocs/app/webroot/index.php(108): Dispatcher->dispatch(Object(CakeRequest), Object(CakeResponse))
#3 {main}
2014-04-23 06:44:32 Error: [MissingActionException] Action UsersController::index() could not be found.
Exception Attributes: array (
  'controller' => 'UsersController',
  'action' => 'index',
)
Request URL: /users/index/acion:signup
Stack Trace:
#0 /Volumes/Data/nfs/zfs-student-2/users/2013/glasset/Documents/mamp/apps/frame/htdocs/lib/Cake/Routing/Dispatcher.php(185): Controller->invokeAction(Object(CakeRequest))
#1 /Volumes/Data/nfs/zfs-student-2/users/2013/glasset/Documents/mamp/apps/frame/htdocs/lib/Cake/Routing/Dispatcher.php(160): Dispatcher->_invoke(Object(UsersController), Object(CakeRequest), Object(CakeResponse))
#2 /Volumes/Data/nfs/zfs-student-2/users/2013/glasset/Documents/mamp/apps/frame/htdocs/app/webroot/index.php(108): Dispatcher->dispatch(Object(CakeRequest), Object(CakeResponse))
#3 {main}
2014-04-23 06:44:34 Error: [MissingActionException] Action UsersController::index() could not be found.
Exception Attributes: array (
  'controller' => 'UsersController',
  'action' => 'index',
)
Request URL: /users/index/acion:login
Stack Trace:
#0 /Volumes/Data/nfs/zfs-student-2/users/2013/glasset/Documents/mamp/apps/frame/htdocs/lib/Cake/Routing/Dispatcher.php(185): Controller->invokeAction(Object(CakeRequest))
#1 /Volumes/Data/nfs/zfs-student-2/users/2013/glasset/Documents/mamp/apps/frame/htdocs/lib/Cake/Routing/Dispatcher.php(160): Dispatcher->_invoke(Object(UsersController), Object(CakeRequest), Object(CakeResponse))
#2 /Volumes/Data/nfs/zfs-student-2/users/2013/glasset/Documents/mamp/apps/frame/htdocs/app/webroot/index.php(108): Dispatcher->dispatch(Object(CakeRequest), Object(CakeResponse))
#3 {main}
2014-04-23 06:44:36 Error: [MissingActionException] Action UsersController::index() could not be found.
Exception Attributes: array (
  'controller' => 'UsersController',
  'action' => 'index',
)
Request URL: /users/index/acion:signup
Stack Trace:
#0 /Volumes/Data/nfs/zfs-student-2/users/2013/glasset/Documents/mamp/apps/frame/htdocs/lib/Cake/Routing/Dispatcher.php(185): Controller->invokeAction(Object(CakeRequest))
#1 /Volumes/Data/nfs/zfs-student-2/users/2013/glasset/Documents/mamp/apps/frame/htdocs/lib/Cake/Routing/Dispatcher.php(160): Dispatcher->_invoke(Object(UsersController), Object(CakeRequest), Object(CakeResponse))
#2 /Volumes/Data/nfs/zfs-student-2/users/2013/glasset/Documents/mamp/apps/frame/htdocs/app/webroot/index.php(108): Dispatcher->dispatch(Object(CakeRequest), Object(CakeResponse))
#3 {main}
2014-04-23 06:46:48 Error: [MissingActionException] Action UsersController::index() could not be found.
Exception Attributes: array (
  'controller' => 'UsersController',
  'action' => 'index',
)
Request URL: /users/index/acion:signup
Stack Trace:
#0 /Volumes/Data/nfs/zfs-student-2/users/2013/glasset/Documents/mamp/apps/frame/htdocs/lib/Cake/Routing/Dispatcher.php(185): Controller->invokeAction(Object(CakeRequest))
#1 /Volumes/Data/nfs/zfs-student-2/users/2013/glasset/Documents/mamp/apps/frame/htdocs/lib/Cake/Routing/Dispatcher.php(160): Dispatcher->_invoke(Object(UsersController), Object(CakeRequest), Object(CakeResponse))
#2 /Volumes/Data/nfs/zfs-student-2/users/2013/glasset/Documents/mamp/apps/frame/htdocs/app/webroot/index.php(108): Dispatcher->dispatch(Object(CakeRequest), Object(CakeResponse))
#3 {main}
2014-04-23 06:48:09 Error: [MissingActionException] Action UsersController::index() could not be found.
Exception Attributes: array (
  'controller' => 'UsersController',
  'action' => 'index',
)
Request URL: /users/index/acion:login
Stack Trace:
#0 /Volumes/Data/nfs/zfs-student-2/users/2013/glasset/Documents/mamp/apps/frame/htdocs/lib/Cake/Routing/Dispatcher.php(185): Controller->invokeAction(Object(CakeRequest))
#1 /Volumes/Data/nfs/zfs-student-2/users/2013/glasset/Documents/mamp/apps/frame/htdocs/lib/Cake/Routing/Dispatcher.php(160): Dispatcher->_invoke(Object(UsersController), Object(CakeRequest), Object(CakeResponse))
#2 /Volumes/Data/nfs/zfs-student-2/users/2013/glasset/Documents/mamp/apps/frame/htdocs/app/webroot/index.php(108): Dispatcher->dispatch(Object(CakeRequest), Object(CakeResponse))
#3 {main}
2014-04-23 06:48:25 Error: [MissingActionException] Action UsersController::acion:login() could not be found.
Exception Attributes: array (
  'controller' => 'UsersController',
  'action' => 'acion:login',
)
Request URL: /users/acion:login
Stack Trace:
#0 /Volumes/Data/nfs/zfs-student-2/users/2013/glasset/Documents/mamp/apps/frame/htdocs/lib/Cake/Routing/Dispatcher.php(185): Controller->invokeAction(Object(CakeRequest))
#1 /Volumes/Data/nfs/zfs-student-2/users/2013/glasset/Documents/mamp/apps/frame/htdocs/lib/Cake/Routing/Dispatcher.php(160): Dispatcher->_invoke(Object(UsersController), Object(CakeRequest), Object(CakeResponse))
#2 /Volumes/Data/nfs/zfs-student-2/users/2013/glasset/Documents/mamp/apps/frame/htdocs/app/webroot/index.php(108): Dispatcher->dispatch(Object(CakeRequest), Object(CakeResponse))
#3 {main}
2014-04-23 06:48:51 Error: [MissingActionException] Action UsersController::acion:login() could not be found.
Exception Attributes: array (
  'controller' => 'UsersController',
  'action' => 'acion:login',
)
Request URL: /users/acion:login/acion:login
Stack Trace:
#0 /Volumes/Data/nfs/zfs-student-2/users/2013/glasset/Documents/mamp/apps/frame/htdocs/lib/Cake/Routing/Dispatcher.php(185): Controller->invokeAction(Object(CakeRequest))
#1 /Volumes/Data/nfs/zfs-student-2/users/2013/glasset/Documents/mamp/apps/frame/htdocs/lib/Cake/Routing/Dispatcher.php(160): Dispatcher->_invoke(Object(UsersController), Object(CakeRequest), Object(CakeResponse))
#2 /Volumes/Data/nfs/zfs-student-2/users/2013/glasset/Documents/mamp/apps/frame/htdocs/app/webroot/index.php(108): Dispatcher->dispatch(Object(CakeRequest), Object(CakeResponse))
#3 {main}
2014-04-23 07:40:23 Error: Fatal Error (4): syntax error, unexpected '}' in [/Volumes/Data/nfs/zfs-student-2/users/2013/glasset/Documents/mamp/apps/frame/htdocs/app/Controller/UsersController.php, line 33]
2014-04-23 07:40:23 Error: [FatalErrorException] syntax error, unexpected '}'
Request URL: /users/login
Stack Trace:
#0 /Volumes/Data/nfs/zfs-student-2/users/2013/glasset/Documents/mamp/apps/frame/htdocs/lib/Cake/Error/ErrorHandler.php(203): ErrorHandler::handleFatalError(4, 'syntax error, u...', '/Volumes/Data/n...', 33)
#1 [internal function]: ErrorHandler::handleError(4, 'syntax error, u...', '/Volumes/Data/n...', 33, Array)
#2 /Volumes/Data/nfs/zfs-student-2/users/2013/glasset/Documents/mamp/apps/frame/htdocs/lib/Cake/Core/App.php(929): call_user_func('ErrorHandler::h...', 4, 'syntax error, u...', '/Volumes/Data/n...', 33, Array)
#3 /Volumes/Data/nfs/zfs-student-2/users/2013/glasset/Documents/mamp/apps/frame/htdocs/lib/Cake/Core/App.php(902): App::_checkFatalError()
#4 [internal function]: App::shutdown()
#5 {main}
2014-04-24 02:13:16 Error: Fatal Error (1): Call to a member function input() on a non-object in [/Volumes/Data/nfs/zfs-student-2/users/2013/glasset/Documents/mamp/apps/frame/htdocs/app/Controller/UsersController.php, line 20]
2014-04-24 02:13:16 Error: [FatalErrorException] Call to a member function input() on a non-object
Request URL: /users/login
Stack Trace:
#0 /Volumes/Data/nfs/zfs-student-2/users/2013/glasset/Documents/mamp/apps/frame/htdocs/lib/Cake/Error/ErrorHandler.php(203): ErrorHandler::handleFatalError(1, 'Call to a membe...', '/Volumes/Data/n...', 20)
#1 [internal function]: ErrorHandler::handleError(1, 'Call to a membe...', '/Volumes/Data/n...', 20, Array)
#2 /Volumes/Data/nfs/zfs-student-2/users/2013/glasset/Documents/mamp/apps/frame/htdocs/lib/Cake/Core/App.php(929): call_user_func('ErrorHandler::h...', 1, 'Call to a membe...', '/Volumes/Data/n...', 20, Array)
#3 /Volumes/Data/nfs/zfs-student-2/users/2013/glasset/Documents/mamp/apps/frame/htdocs/lib/Cake/Core/App.php(902): App::_checkFatalError()
#4 [internal function]: App::shutdown()
#5 {main}
2014-04-24 02:13:54 Error: Fatal Error (4): syntax error, unexpected '$this' (T_VARIABLE) in [/Volumes/Data/nfs/zfs-student-2/users/2013/glasset/Documents/mamp/apps/frame/htdocs/app/Controller/UsersController.php, line 20]
2014-04-24 02:13:54 Error: [FatalErrorException] syntax error, unexpected '$this' (T_VARIABLE)
Request URL: /users/login
Stack Trace:
#0 /Volumes/Data/nfs/zfs-student-2/users/2013/glasset/Documents/mamp/apps/frame/htdocs/lib/Cake/Error/ErrorHandler.php(203): ErrorHandler::handleFatalError(4, 'syntax error, u...', '/Volumes/Data/n...', 20)
#1 [internal function]: ErrorHandler::handleError(4, 'syntax error, u...', '/Volumes/Data/n...', 20, Array)
#2 /Volumes/Data/nfs/zfs-student-2/users/2013/glasset/Documents/mamp/apps/frame/htdocs/lib/Cake/Core/App.php(929): call_user_func('ErrorHandler::h...', 4, 'syntax error, u...', '/Volumes/Data/n...', 20, Array)
#3 /Volumes/Data/nfs/zfs-student-2/users/2013/glasset/Documents/mamp/apps/frame/htdocs/lib/Cake/Core/App.php(902): App::_checkFatalError()
#4 [internal function]: App::shutdown()
#5 {main}
2014-04-24 02:13:55 Error: Fatal Error (4): syntax error, unexpected '$this' (T_VARIABLE) in [/Volumes/Data/nfs/zfs-student-2/users/2013/glasset/Documents/mamp/apps/frame/htdocs/app/Controller/UsersController.php, line 20]
2014-04-24 02:13:55 Error: [FatalErrorException] syntax error, unexpected '$this' (T_VARIABLE)
Request URL: /users/login
Stack Trace:
#0 /Volumes/Data/nfs/zfs-student-2/users/2013/glasset/Documents/mamp/apps/frame/htdocs/lib/Cake/Error/ErrorHandler.php(203): ErrorHandler::handleFatalError(4, 'syntax error, u...', '/Volumes/Data/n...', 20)
#1 [internal function]: ErrorHandler::handleError(4, 'syntax error, u...', '/Volumes/Data/n...', 20, Array)
#2 /Volumes/Data/nfs/zfs-student-2/users/2013/glasset/Documents/mamp/apps/frame/htdocs/lib/Cake/Core/App.php(929): call_user_func('ErrorHandler::h...', 4, 'syntax error, u...', '/Volumes/Data/n...', 20, Array)
#3 /Volumes/Data/nfs/zfs-student-2/users/2013/glasset/Documents/mamp/apps/frame/htdocs/lib/Cake/Core/App.php(902): App::_checkFatalError()
#4 [internal function]: App::shutdown()
#5 {main}
2014-04-24 02:14:46 Error: Fatal Error (4): syntax error, unexpected '$this' (T_VARIABLE) in [/Volumes/Data/nfs/zfs-student-2/users/2013/glasset/Documents/mamp/apps/frame/htdocs/app/Controller/UsersController.php, line 20]
2014-04-24 02:14:46 Error: [FatalErrorException] syntax error, unexpected '$this' (T_VARIABLE)
Request URL: /users/login
Stack Trace:
#0 /Volumes/Data/nfs/zfs-student-2/users/2013/glasset/Documents/mamp/apps/frame/htdocs/lib/Cake/Error/ErrorHandler.php(203): ErrorHandler::handleFatalError(4, 'syntax error, u...', '/Volumes/Data/n...', 20)
#1 [internal function]: ErrorHandler::handleError(4, 'syntax error, u...', '/Volumes/Data/n...', 20, Array)
#2 /Volumes/Data/nfs/zfs-student-2/users/2013/glasset/Documents/mamp/apps/frame/htdocs/lib/Cake/Core/App.php(929): call_user_func('ErrorHandler::h...', 4, 'syntax error, u...', '/Volumes/Data/n...', 20, Array)
#3 /Volumes/Data/nfs/zfs-student-2/users/2013/glasset/Documents/mamp/apps/frame/htdocs/lib/Cake/Core/App.php(902): App::_checkFatalError()
#4 [internal function]: App::shutdown()
#5 {main}
2014-04-24 02:14:48 Error: Fatal Error (4): syntax error, unexpected '$this' (T_VARIABLE) in [/Volumes/Data/nfs/zfs-student-2/users/2013/glasset/Documents/mamp/apps/frame/htdocs/app/Controller/UsersController.php, line 20]
2014-04-24 02:14:48 Error: [FatalErrorException] syntax error, unexpected '$this' (T_VARIABLE)
Request URL: /users/login
Stack Trace:
#0 /Volumes/Data/nfs/zfs-student-2/users/2013/glasset/Documents/mamp/apps/frame/htdocs/lib/Cake/Error/ErrorHandler.php(203): ErrorHandler::handleFatalError(4, 'syntax error, u...', '/Volumes/Data/n...', 20)
#1 [internal function]: ErrorHandler::handleError(4, 'syntax error, u...', '/Volumes/Data/n...', 20, Array)
#2 /Volumes/Data/nfs/zfs-student-2/users/2013/glasset/Documents/mamp/apps/frame/htdocs/lib/Cake/Core/App.php(929): call_user_func('ErrorHandler::h...', 4, 'syntax error, u...', '/Volumes/Data/n...', 20, Array)
#3 /Volumes/Data/nfs/zfs-student-2/users/2013/glasset/Documents/mamp/apps/frame/htdocs/lib/Cake/Core/App.php(902): App::_checkFatalError()
#4 [internal function]: App::shutdown()
#5 {main}
2014-04-24 02:14:56 Error: Fatal Error (4): syntax error, unexpected '$this' (T_VARIABLE) in [/Volumes/Data/nfs/zfs-student-2/users/2013/glasset/Documents/mamp/apps/frame/htdocs/app/Controller/UsersController.php, line 20]
2014-04-24 02:14:56 Error: [FatalErrorException] syntax error, unexpected '$this' (T_VARIABLE)
Request URL: /users/login
Stack Trace:
#0 /Volumes/Data/nfs/zfs-student-2/users/2013/glasset/Documents/mamp/apps/frame/htdocs/lib/Cake/Error/ErrorHandler.php(203): ErrorHandler::handleFatalError(4, 'syntax error, u...', '/Volumes/Data/n...', 20)
#1 [internal function]: ErrorHandler::handleError(4, 'syntax error, u...', '/Volumes/Data/n...', 20, Array)
#2 /Volumes/Data/nfs/zfs-student-2/users/2013/glasset/Documents/mamp/apps/frame/htdocs/lib/Cake/Core/App.php(929): call_user_func('ErrorHandler::h...', 4, 'syntax error, u...', '/Volumes/Data/n...', 20, Array)
#3 /Volumes/Data/nfs/zfs-student-2/users/2013/glasset/Documents/mamp/apps/frame/htdocs/lib/Cake/Core/App.php(902): App::_checkFatalError()
#4 [internal function]: App::shutdown()
#5 {main}
2014-04-24 02:14:57 Error: Fatal Error (4): syntax error, unexpected '$this' (T_VARIABLE) in [/Volumes/Data/nfs/zfs-student-2/users/2013/glasset/Documents/mamp/apps/frame/htdocs/app/Controller/UsersController.php, line 20]
2014-04-24 02:14:57 Error: [FatalErrorException] syntax error, unexpected '$this' (T_VARIABLE)
Request URL: /users/login
Stack Trace:
#0 /Volumes/Data/nfs/zfs-student-2/users/2013/glasset/Documents/mamp/apps/frame/htdocs/lib/Cake/Error/ErrorHandler.php(203): ErrorHandler::handleFatalError(4, 'syntax error, u...', '/Volumes/Data/n...', 20)
#1 [internal function]: ErrorHandler::handleError(4, 'syntax error, u...', '/Volumes/Data/n...', 20, Array)
#2 /Volumes/Data/nfs/zfs-student-2/users/2013/glasset/Documents/mamp/apps/frame/htdocs/lib/Cake/Core/App.php(929): call_user_func('ErrorHandler::h...', 4, 'syntax error, u...', '/Volumes/Data/n...', 20, Array)
#3 /Volumes/Data/nfs/zfs-student-2/users/2013/glasset/Documents/mamp/apps/frame/htdocs/lib/Cake/Core/App.php(902): App::_checkFatalError()
#4 [internal function]: App::shutdown()
#5 {main}
2014-04-24 02:37:05 Error: Fatal Error (4): syntax error, unexpected '}' in [/Volumes/Data/nfs/zfs-student-2/users/2013/glasset/Documents/mamp/apps/frame/htdocs/app/Controller/UsersController.php, line 35]
2014-04-24 02:37:05 Error: [FatalErrorException] syntax error, unexpected '}'
Request URL: /users/login
Stack Trace:
#0 /Volumes/Data/nfs/zfs-student-2/users/2013/glasset/Documents/mamp/apps/frame/htdocs/lib/Cake/Error/ErrorHandler.php(203): ErrorHandler::handleFatalError(4, 'syntax error, u...', '/Volumes/Data/n...', 35)
#1 [internal function]: ErrorHandler::handleError(4, 'syntax error, u...', '/Volumes/Data/n...', 35, Array)
#2 /Volumes/Data/nfs/zfs-student-2/users/2013/glasset/Documents/mamp/apps/frame/htdocs/lib/Cake/Core/App.php(929): call_user_func('ErrorHandler::h...', 4, 'syntax error, u...', '/Volumes/Data/n...', 35, Array)
#3 /Volumes/Data/nfs/zfs-student-2/users/2013/glasset/Documents/mamp/apps/frame/htdocs/lib/Cake/Core/App.php(902): App::_checkFatalError()
#4 [internal function]: App::shutdown()
#5 {main}
2014-04-24 02:43:45 Error: [MissingComponentException] Component class authorizeComponent could not be found.
Exception Attributes: array (
  'class' => 'authorizeComponent',
  'plugin' => false,
)
Request URL: /users/login
Stack Trace:
#0 /Volumes/Data/nfs/zfs-student-2/users/2013/glasset/Documents/mamp/apps/frame/htdocs/lib/Cake/Controller/ComponentCollection.php(53): ComponentCollection->load('authorize', Array)
#1 /Volumes/Data/nfs/zfs-student-2/users/2013/glasset/Documents/mamp/apps/frame/htdocs/lib/Cake/Controller/Controller.php(643): ComponentCollection->init(Object(UsersController))
#2 /Volumes/Data/nfs/zfs-student-2/users/2013/glasset/Documents/mamp/apps/frame/htdocs/lib/Cake/Routing/Dispatcher.php(181): Controller->constructClasses()
#3 /Volumes/Data/nfs/zfs-student-2/users/2013/glasset/Documents/mamp/apps/frame/htdocs/lib/Cake/Routing/Dispatcher.php(160): Dispatcher->_invoke(Object(UsersController), Object(CakeRequest), Object(CakeResponse))
#4 /Volumes/Data/nfs/zfs-student-2/users/2013/glasset/Documents/mamp/apps/frame/htdocs/app/webroot/index.php(108): Dispatcher->dispatch(Object(CakeRequest), Object(CakeResponse))
#5 {main}
2014-04-24 02:45:10 Error: [MissingComponentException] Component class authorizeComponent could not be found.
Exception Attributes: array (
  'class' => 'authorizeComponent',
  'plugin' => false,
)
Request URL: /users/login
Stack Trace:
#0 /Volumes/Data/nfs/zfs-student-2/users/2013/glasset/Documents/mamp/apps/frame/htdocs/lib/Cake/Controller/ComponentCollection.php(53): ComponentCollection->load('authorize', Array)
#1 /Volumes/Data/nfs/zfs-student-2/users/2013/glasset/Documents/mamp/apps/frame/htdocs/lib/Cake/Controller/Controller.php(643): ComponentCollection->init(Object(UsersController))
#2 /Volumes/Data/nfs/zfs-student-2/users/2013/glasset/Documents/mamp/apps/frame/htdocs/lib/Cake/Routing/Dispatcher.php(181): Controller->constructClasses()
#3 /Volumes/Data/nfs/zfs-student-2/users/2013/glasset/Documents/mamp/apps/frame/htdocs/lib/Cake/Routing/Dispatcher.php(160): Dispatcher->_invoke(Object(UsersController), Object(CakeRequest), Object(CakeResponse))
#4 /Volumes/Data/nfs/zfs-student-2/users/2013/glasset/Documents/mamp/apps/frame/htdocs/app/webroot/index.php(108): Dispatcher->dispatch(Object(CakeRequest), Object(CakeResponse))
#5 {main}
2014-04-24 02:45:11 Error: [MissingComponentException] Component class authorizeComponent could not be found.
Exception Attributes: array (
  'class' => 'authorizeComponent',
  'plugin' => false,
)
Request URL: /users/login
Stack Trace:
#0 /Volumes/Data/nfs/zfs-student-2/users/2013/glasset/Documents/mamp/apps/frame/htdocs/lib/Cake/Controller/ComponentCollection.php(53): ComponentCollection->load('authorize', Array)
#1 /Volumes/Data/nfs/zfs-student-2/users/2013/glasset/Documents/mamp/apps/frame/htdocs/lib/Cake/Controller/Controller.php(643): ComponentCollection->init(Object(UsersController))
#2 /Volumes/Data/nfs/zfs-student-2/users/2013/glasset/Documents/mamp/apps/frame/htdocs/lib/Cake/Routing/Dispatcher.php(181): Controller->constructClasses()
#3 /Volumes/Data/nfs/zfs-student-2/users/2013/glasset/Documents/mamp/apps/frame/htdocs/lib/Cake/Routing/Dispatcher.php(160): Dispatcher->_invoke(Object(UsersController), Object(CakeRequest), Object(CakeResponse))
#4 /Volumes/Data/nfs/zfs-student-2/users/2013/glasset/Documents/mamp/apps/frame/htdocs/app/webroot/index.php(108): Dispatcher->dispatch(Object(CakeRequest), Object(CakeResponse))
#5 {main}
2014-04-24 02:49:42 Error: Fatal Error (4): syntax error, unexpected ';', expecting ')' in [/Volumes/Data/nfs/zfs-student-2/users/2013/glasset/Documents/mamp/apps/frame/htdocs/app/Controller/AppController.php, line 34]
2014-04-24 02:49:42 Error: [FatalErrorException] syntax error, unexpected ';', expecting ')'
Request URL: /users/login
Stack Trace:
#0 /Volumes/Data/nfs/zfs-student-2/users/2013/glasset/Documents/mamp/apps/frame/htdocs/lib/Cake/Error/ErrorHandler.php(203): ErrorHandler::handleFatalError(4, 'syntax error, u...', '/Volumes/Data/n...', 34)
#1 [internal function]: ErrorHandler::handleError(4, 'syntax error, u...', '/Volumes/Data/n...', 34, Array)
#2 /Volumes/Data/nfs/zfs-student-2/users/2013/glasset/Documents/mamp/apps/frame/htdocs/lib/Cake/Core/App.php(929): call_user_func('ErrorHandler::h...', 4, 'syntax error, u...', '/Volumes/Data/n...', 34, Array)
#3 /Volumes/Data/nfs/zfs-student-2/users/2013/glasset/Documents/mamp/apps/frame/htdocs/lib/Cake/Core/App.php(902): App::_checkFatalError()
#4 [internal function]: App::shutdown()
#5 {main}
2014-04-24 02:49:51 Error: Fatal Error (4): syntax error, unexpected ';', expecting ')' in [/Volumes/Data/nfs/zfs-student-2/users/2013/glasset/Documents/mamp/apps/frame/htdocs/app/Controller/AppController.php, line 34]
2014-04-24 02:49:51 Error: [FatalErrorException] syntax error, unexpected ';', expecting ')'
Request URL: /
Stack Trace:
#0 /Volumes/Data/nfs/zfs-student-2/users/2013/glasset/Documents/mamp/apps/frame/htdocs/lib/Cake/Error/ErrorHandler.php(203): ErrorHandler::handleFatalError(4, 'syntax error, u...', '/Volumes/Data/n...', 34)
#1 [internal function]: ErrorHandler::handleError(4, 'syntax error, u...', '/Volumes/Data/n...', 34, Array)
#2 /Volumes/Data/nfs/zfs-student-2/users/2013/glasset/Documents/mamp/apps/frame/htdocs/lib/Cake/Core/App.php(929): call_user_func('ErrorHandler::h...', 4, 'syntax error, u...', '/Volumes/Data/n...', 34, Array)
#3 /Volumes/Data/nfs/zfs-student-2/users/2013/glasset/Documents/mamp/apps/frame/htdocs/lib/Cake/Core/App.php(902): App::_checkFatalError()
#4 [internal function]: App::shutdown()
#5 {main}
2014-04-24 02:53:40 Error: Fatal Error (4): syntax error, unexpected '=', expecting ')' in [/Volumes/Data/nfs/zfs-student-2/users/2013/glasset/Documents/mamp/apps/frame/htdocs/app/Controller/AppController.php, line 34]
2014-04-24 02:53:40 Error: [FatalErrorException] syntax error, unexpected '=', expecting ')'
Request URL: /users/login
Stack Trace:
#0 /Volumes/Data/nfs/zfs-student-2/users/2013/glasset/Documents/mamp/apps/frame/htdocs/lib/Cake/Error/ErrorHandler.php(203): ErrorHandler::handleFatalError(4, 'syntax error, u...', '/Volumes/Data/n...', 34)
#1 [internal function]: ErrorHandler::handleError(4, 'syntax error, u...', '/Volumes/Data/n...', 34, Array)
#2 /Volumes/Data/nfs/zfs-student-2/users/2013/glasset/Documents/mamp/apps/frame/htdocs/lib/Cake/Core/App.php(929): call_user_func('ErrorHandler::h...', 4, 'syntax error, u...', '/Volumes/Data/n...', 34, Array)
#3 /Volumes/Data/nfs/zfs-student-2/users/2013/glasset/Documents/mamp/apps/frame/htdocs/lib/Cake/Core/App.php(902): App::_checkFatalError()
#4 [internal function]: App::shutdown()
#5 {main}
2014-04-24 03:45:43 Error: Fatal Error (4): syntax error, unexpected ';', expecting ')' in [/Volumes/Data/nfs/zfs-student-2/users/2013/glasset/Documents/mamp/apps/frame/htdocs/app/Controller/AppController.php, line 34]
2014-04-24 03:45:43 Error: [FatalErrorException] syntax error, unexpected ';', expecting ')'
Request URL: /
Stack Trace:
#0 /Volumes/Data/nfs/zfs-student-2/users/2013/glasset/Documents/mamp/apps/frame/htdocs/lib/Cake/Error/ErrorHandler.php(203): ErrorHandler::handleFatalError(4, 'syntax error, u...', '/Volumes/Data/n...', 34)
#1 [internal function]: ErrorHandler::handleError(4, 'syntax error, u...', '/Volumes/Data/n...', 34, Array)
#2 /Volumes/Data/nfs/zfs-student-2/users/2013/glasset/Documents/mamp/apps/frame/htdocs/lib/Cake/Core/App.php(929): call_user_func('ErrorHandler::h...', 4, 'syntax error, u...', '/Volumes/Data/n...', 34, Array)
#3 /Volumes/Data/nfs/zfs-student-2/users/2013/glasset/Documents/mamp/apps/frame/htdocs/lib/Cake/Core/App.php(902): App::_checkFatalError()
#4 [internal function]: App::shutdown()
#5 {main}
2014-04-24 04:03:24 Error: Fatal Error (4): syntax error, unexpected '{' in [/Volumes/Data/nfs/zfs-student-2/users/2013/glasset/Documents/mamp/apps/frame/htdocs/app/Controller/UsersController.php, line 22]
2014-04-24 04:03:24 Error: [FatalErrorException] syntax error, unexpected '{'
Request URL: /users/logout
Stack Trace:
#0 /Volumes/Data/nfs/zfs-student-2/users/2013/glasset/Documents/mamp/apps/frame/htdocs/lib/Cake/Error/ErrorHandler.php(203): ErrorHandler::handleFatalError(4, 'syntax error, u...', '/Volumes/Data/n...', 22)
#1 [internal function]: ErrorHandler::handleError(4, 'syntax error, u...', '/Volumes/Data/n...', 22, Array)
#2 /Volumes/Data/nfs/zfs-student-2/users/2013/glasset/Documents/mamp/apps/frame/htdocs/lib/Cake/Core/App.php(929): call_user_func('ErrorHandler::h...', 4, 'syntax error, u...', '/Volumes/Data/n...', 22, Array)
#3 /Volumes/Data/nfs/zfs-student-2/users/2013/glasset/Documents/mamp/apps/frame/htdocs/lib/Cake/Core/App.php(902): App::_checkFatalError()
#4 [internal function]: App::shutdown()
#5 {main}
2014-04-24 04:16:16 Error: [MissingActionException] Action UsersController::edit() could not be found.
Exception Attributes: array (
  'controller' => 'UsersController',
  'action' => 'edit',
)
Request URL: /users/edit
Stack Trace:
#0 /Volumes/Data/nfs/zfs-student-2/users/2013/glasset/Documents/mamp/apps/frame/htdocs/lib/Cake/Routing/Dispatcher.php(185): Controller->invokeAction(Object(CakeRequest))
#1 /Volumes/Data/nfs/zfs-student-2/users/2013/glasset/Documents/mamp/apps/frame/htdocs/lib/Cake/Routing/Dispatcher.php(160): Dispatcher->_invoke(Object(UsersController), Object(CakeRequest), Object(CakeResponse))
#2 /Volumes/Data/nfs/zfs-student-2/users/2013/glasset/Documents/mamp/apps/frame/htdocs/app/webroot/index.php(108): Dispatcher->dispatch(Object(CakeRequest), Object(CakeResponse))
#3 {main}
2014-04-24 04:29:12 Error: [MissingActionException] Action UsersController::edit() could not be found.
Exception Attributes: array (
  'controller' => 'UsersController',
  'action' => 'edit',
)
Request URL: /users/edit
Stack Trace:
#0 /Volumes/Data/nfs/zfs-student-2/users/2013/glasset/Documents/mamp/apps/frame/htdocs/lib/Cake/Routing/Dispatcher.php(185): Controller->invokeAction(Object(CakeRequest))
#1 /Volumes/Data/nfs/zfs-student-2/users/2013/glasset/Documents/mamp/apps/frame/htdocs/lib/Cake/Routing/Dispatcher.php(160): Dispatcher->_invoke(Object(UsersController), Object(CakeRequest), Object(CakeResponse))
#2 /Volumes/Data/nfs/zfs-student-2/users/2013/glasset/Documents/mamp/apps/frame/htdocs/app/webroot/index.php(108): Dispatcher->dispatch(Object(CakeRequest), Object(CakeResponse))
#3 {main}
2014-04-24 04:47:09 Error: Fatal Error (4): syntax error, unexpected '?>', expecting function (T_FUNCTION) in [/Volumes/Data/nfs/zfs-student-2/users/2013/glasset/Documents/mamp/apps/frame/htdocs/app/Controller/UsersController.php, line 57]
2014-04-24 04:47:09 Error: [FatalErrorException] syntax error, unexpected '?>', expecting function (T_FUNCTION)
Request URL: /users/edit
Stack Trace:
#0 /Volumes/Data/nfs/zfs-student-2/users/2013/glasset/Documents/mamp/apps/frame/htdocs/lib/Cake/Error/ErrorHandler.php(203): ErrorHandler::handleFatalError(4, 'syntax error, u...', '/Volumes/Data/n...', 57)
#1 [internal function]: ErrorHandler::handleError(4, 'syntax error, u...', '/Volumes/Data/n...', 57, Array)
#2 /Volumes/Data/nfs/zfs-student-2/users/2013/glasset/Documents/mamp/apps/frame/htdocs/lib/Cake/Core/App.php(929): call_user_func('ErrorHandler::h...', 4, 'syntax error, u...', '/Volumes/Data/n...', 57, Array)
#3 /Volumes/Data/nfs/zfs-student-2/users/2013/glasset/Documents/mamp/apps/frame/htdocs/lib/Cake/Core/App.php(902): App::_checkFatalError()
#4 [internal function]: App::shutdown()
#5 {main}
2014-04-24 04:47:11 Error: Fatal Error (4): syntax error, unexpected '?>', expecting function (T_FUNCTION) in [/Volumes/Data/nfs/zfs-student-2/users/2013/glasset/Documents/mamp/apps/frame/htdocs/app/Controller/UsersController.php, line 57]
2014-04-24 04:47:11 Error: [FatalErrorException] syntax error, unexpected '?>', expecting function (T_FUNCTION)
Request URL: /users/edit
Stack Trace:
#0 /Volumes/Data/nfs/zfs-student-2/users/2013/glasset/Documents/mamp/apps/frame/htdocs/lib/Cake/Error/ErrorHandler.php(203): ErrorHandler::handleFatalError(4, 'syntax error, u...', '/Volumes/Data/n...', 57)
#1 [internal function]: ErrorHandler::handleError(4, 'syntax error, u...', '/Volumes/Data/n...', 57, Array)
#2 /Volumes/Data/nfs/zfs-student-2/users/2013/glasset/Documents/mamp/apps/frame/htdocs/lib/Cake/Core/App.php(929): call_user_func('ErrorHandler::h...', 4, 'syntax error, u...', '/Volumes/Data/n...', 57, Array)
#3 /Volumes/Data/nfs/zfs-student-2/users/2013/glasset/Documents/mamp/apps/frame/htdocs/lib/Cake/Core/App.php(902): App::_checkFatalError()
#4 [internal function]: App::shutdown()
#5 {main}
2014-04-24 05:35:55 Error: Fatal Error (4): syntax error, unexpected '$this' (T_VARIABLE), expecting function (T_FUNCTION) in [/Volumes/Data/nfs/zfs-student-2/users/2013/glasset/Documents/mamp/apps/frame/htdocs/app/Controller/UsersController.php, line 63]
2014-04-24 05:35:55 Error: [FatalErrorException] syntax error, unexpected '$this' (T_VARIABLE), expecting function (T_FUNCTION)
Request URL: /users/edit
Stack Trace:
#0 /Volumes/Data/nfs/zfs-student-2/users/2013/glasset/Documents/mamp/apps/frame/htdocs/lib/Cake/Error/ErrorHandler.php(203): ErrorHandler::handleFatalError(4, 'syntax error, u...', '/Volumes/Data/n...', 63)
#1 [internal function]: ErrorHandler::handleError(4, 'syntax error, u...', '/Volumes/Data/n...', 63, Array)
#2 /Volumes/Data/nfs/zfs-student-2/users/2013/glasset/Documents/mamp/apps/frame/htdocs/lib/Cake/Core/App.php(929): call_user_func('ErrorHandler::h...', 4, 'syntax error, u...', '/Volumes/Data/n...', 63, Array)
#3 /Volumes/Data/nfs/zfs-student-2/users/2013/glasset/Documents/mamp/apps/frame/htdocs/lib/Cake/Core/App.php(902): App::_checkFatalError()
#4 [internal function]: App::shutdown()
#5 {main}
2014-04-24 05:37:09 Error: Fatal Error (4): syntax error, unexpected '$this' (T_VARIABLE), expecting function (T_FUNCTION) in [/Volumes/Data/nfs/zfs-student-2/users/2013/glasset/Documents/mamp/apps/frame/htdocs/app/Controller/UsersController.php, line 63]
2014-04-24 05:37:09 Error: [FatalErrorException] syntax error, unexpected '$this' (T_VARIABLE), expecting function (T_FUNCTION)
Request URL: /users/edit
Stack Trace:
#0 /Volumes/Data/nfs/zfs-student-2/users/2013/glasset/Documents/mamp/apps/frame/htdocs/lib/Cake/Error/ErrorHandler.php(203): ErrorHandler::handleFatalError(4, 'syntax error, u...', '/Volumes/Data/n...', 63)
#1 [internal function]: ErrorHandler::handleError(4, 'syntax error, u...', '/Volumes/Data/n...', 63, Array)
#2 /Volumes/Data/nfs/zfs-student-2/users/2013/glasset/Documents/mamp/apps/frame/htdocs/lib/Cake/Core/App.php(929): call_user_func('ErrorHandler::h...', 4, 'syntax error, u...', '/Volumes/Data/n...', 63, Array)
#3 /Volumes/Data/nfs/zfs-student-2/users/2013/glasset/Documents/mamp/apps/frame/htdocs/lib/Cake/Core/App.php(902): App::_checkFatalError()
#4 [internal function]: App::shutdown()
#5 {main}
2014-04-24 05:37:10 Error: Fatal Error (4): syntax error, unexpected '$this' (T_VARIABLE), expecting function (T_FUNCTION) in [/Volumes/Data/nfs/zfs-student-2/users/2013/glasset/Documents/mamp/apps/frame/htdocs/app/Controller/UsersController.php, line 63]
2014-04-24 05:37:10 Error: [FatalErrorException] syntax error, unexpected '$this' (T_VARIABLE), expecting function (T_FUNCTION)
Request URL: /users/edit
Stack Trace:
#0 /Volumes/Data/nfs/zfs-student-2/users/2013/glasset/Documents/mamp/apps/frame/htdocs/lib/Cake/Error/ErrorHandler.php(203): ErrorHandler::handleFatalError(4, 'syntax error, u...', '/Volumes/Data/n...', 63)
#1 [internal function]: ErrorHandler::handleError(4, 'syntax error, u...', '/Volumes/Data/n...', 63, Array)
#2 /Volumes/Data/nfs/zfs-student-2/users/2013/glasset/Documents/mamp/apps/frame/htdocs/lib/Cake/Core/App.php(929): call_user_func('ErrorHandler::h...', 4, 'syntax error, u...', '/Volumes/Data/n...', 63, Array)
#3 /Volumes/Data/nfs/zfs-student-2/users/2013/glasset/Documents/mamp/apps/frame/htdocs/lib/Cake/Core/App.php(902): App::_checkFatalError()
#4 [internal function]: App::shutdown()
#5 {main}
2014-04-24 06:08:51 Error: [MissingControllerException] Controller class ControllerController could not be found.
Exception Attributes: array (
  'class' => 'ControllerController',
  'plugin' => NULL,
)
Request URL: /controller/edit
Stack Trace:
#0 /Volumes/Data/nfs/zfs-student-2/users/2013/glasset/Documents/mamp/apps/frame/htdocs/app/webroot/index.php(108): Dispatcher->dispatch(Object(CakeRequest), Object(CakeResponse))
#1 {main}
2014-04-24 06:09:55 Error: [MissingControllerException] Controller class ControllerController could not be found.
Exception Attributes: array (
  'class' => 'ControllerController',
  'plugin' => NULL,
)
Request URL: /admin/controller/edit
Stack Trace:
#0 /Volumes/Data/nfs/zfs-student-2/users/2013/glasset/Documents/mamp/apps/frame/htdocs/app/webroot/index.php(108): Dispatcher->dispatch(Object(CakeRequest), Object(CakeResponse))
#1 {main}
2014-04-24 06:30:08 Error: Fatal Error (4): syntax error, unexpected ';' in [/Volumes/Data/nfs/zfs-student-2/users/2013/glasset/Documents/mamp/apps/frame/htdocs/app/Controller/UsersController.php, line 66]
2014-04-24 06:30:08 Error: [FatalErrorException] syntax error, unexpected ';'
Request URL: /admin/users/signup
Stack Trace:
#0 /Volumes/Data/nfs/zfs-student-2/users/2013/glasset/Documents/mamp/apps/frame/htdocs/lib/Cake/Error/ErrorHandler.php(203): ErrorHandler::handleFatalError(4, 'syntax error, u...', '/Volumes/Data/n...', 66)
#1 [internal function]: ErrorHandler::handleError(4, 'syntax error, u...', '/Volumes/Data/n...', 66, Array)
#2 /Volumes/Data/nfs/zfs-student-2/users/2013/glasset/Documents/mamp/apps/frame/htdocs/lib/Cake/Core/App.php(929): call_user_func('ErrorHandler::h...', 4, 'syntax error, u...', '/Volumes/Data/n...', 66, Array)
#3 /Volumes/Data/nfs/zfs-student-2/users/2013/glasset/Documents/mamp/apps/frame/htdocs/lib/Cake/Core/App.php(902): App::_checkFatalError()
#4 [internal function]: App::shutdown()
#5 {main}
2014-04-24 06:30:36 Error: [MissingControllerException] Controller class Index.phpController could not be found.
Exception Attributes: array (
  'class' => 'Index.phpController',
  'plugin' => NULL,
)
Request URL: /admin/index.php
Stack Trace:
#0 /Volumes/Data/nfs/zfs-student-2/users/2013/glasset/Documents/mamp/apps/frame/htdocs/app/webroot/index.php(108): Dispatcher->dispatch(Object(CakeRequest), Object(CakeResponse))
#1 {main}
2014-04-24 06:30:45 Error: Fatal Error (4): syntax error, unexpected ';' in [/Volumes/Data/nfs/zfs-student-2/users/2013/glasset/Documents/mamp/apps/frame/htdocs/app/Controller/UsersController.php, line 66]
2014-04-24 06:30:45 Error: [FatalErrorException] syntax error, unexpected ';'
Request URL: /admin/users/signup
Stack Trace:
#0 /Volumes/Data/nfs/zfs-student-2/users/2013/glasset/Documents/mamp/apps/frame/htdocs/lib/Cake/Error/ErrorHandler.php(203): ErrorHandler::handleFatalError(4, 'syntax error, u...', '/Volumes/Data/n...', 66)
#1 [internal function]: ErrorHandler::handleError(4, 'syntax error, u...', '/Volumes/Data/n...', 66, Array)
#2 /Volumes/Data/nfs/zfs-student-2/users/2013/glasset/Documents/mamp/apps/frame/htdocs/lib/Cake/Core/App.php(929): call_user_func('ErrorHandler::h...', 4, 'syntax error, u...', '/Volumes/Data/n...', 66, Array)
#3 /Volumes/Data/nfs/zfs-student-2/users/2013/glasset/Documents/mamp/apps/frame/htdocs/lib/Cake/Core/App.php(902): App::_checkFatalError()
#4 [internal function]: App::shutdown()
#5 {main}
2014-04-24 06:30:47 Error: [MissingControllerException] Controller class Index.phpController could not be found.
Exception Attributes: array (
  'class' => 'Index.phpController',
  'plugin' => NULL,
)
Request URL: /admin/index.php
Stack Trace:
#0 /Volumes/Data/nfs/zfs-student-2/users/2013/glasset/Documents/mamp/apps/frame/htdocs/app/webroot/index.php(108): Dispatcher->dispatch(Object(CakeRequest), Object(CakeResponse))
#1 {main}
2014-04-24 06:30:56 Error: Fatal Error (4): syntax error, unexpected ';' in [/Volumes/Data/nfs/zfs-student-2/users/2013/glasset/Documents/mamp/apps/frame/htdocs/app/Controller/UsersController.php, line 66]
2014-04-24 06:30:56 Error: [FatalErrorException] syntax error, unexpected ';'
Request URL: /admin/users/edit
Stack Trace:
#0 /Volumes/Data/nfs/zfs-student-2/users/2013/glasset/Documents/mamp/apps/frame/htdocs/lib/Cake/Error/ErrorHandler.php(203): ErrorHandler::handleFatalError(4, 'syntax error, u...', '/Volumes/Data/n...', 66)
#1 [internal function]: ErrorHandler::handleError(4, 'syntax error, u...', '/Volumes/Data/n...', 66, Array)
#2 /Volumes/Data/nfs/zfs-student-2/users/2013/glasset/Documents/mamp/apps/frame/htdocs/lib/Cake/Core/App.php(929): call_user_func('ErrorHandler::h...', 4, 'syntax error, u...', '/Volumes/Data/n...', 66, Array)
#3 /Volumes/Data/nfs/zfs-student-2/users/2013/glasset/Documents/mamp/apps/frame/htdocs/lib/Cake/Core/App.php(902): App::_checkFatalError()
#4 [internal function]: App::shutdown()
#5 {main}
2014-04-24 06:31:07 Error: [MissingControllerException] Controller class Index.phpController could not be found.
Exception Attributes: array (
  'class' => 'Index.phpController',
  'plugin' => NULL,
)
Request URL: /admin/index.php
Stack Trace:
#0 /Volumes/Data/nfs/zfs-student-2/users/2013/glasset/Documents/mamp/apps/frame/htdocs/app/webroot/index.php(108): Dispatcher->dispatch(Object(CakeRequest), Object(CakeResponse))
#1 {main}
2014-04-24 06:31:08 Error: Fatal Error (4): syntax error, unexpected '{', expecting function (T_FUNCTION) in [/Volumes/Data/nfs/zfs-student-2/users/2013/glasset/Documents/mamp/apps/frame/htdocs/app/Controller/UsersController.php, line 68]
2014-04-24 06:31:08 Error: [FatalErrorException] syntax error, unexpected '{', expecting function (T_FUNCTION)
Request URL: /admin/users/edit
Stack Trace:
#0 /Volumes/Data/nfs/zfs-student-2/users/2013/glasset/Documents/mamp/apps/frame/htdocs/lib/Cake/Error/ErrorHandler.php(203): ErrorHandler::handleFatalError(4, 'syntax error, u...', '/Volumes/Data/n...', 68)
#1 [internal function]: ErrorHandler::handleError(4, 'syntax error, u...', '/Volumes/Data/n...', 68, Array)
#2 /Volumes/Data/nfs/zfs-student-2/users/2013/glasset/Documents/mamp/apps/frame/htdocs/lib/Cake/Core/App.php(929): call_user_func('ErrorHandler::h...', 4, 'syntax error, u...', '/Volumes/Data/n...', 68, Array)
#3 /Volumes/Data/nfs/zfs-student-2/users/2013/glasset/Documents/mamp/apps/frame/htdocs/lib/Cake/Core/App.php(902): App::_checkFatalError()
#4 [internal function]: App::shutdown()
#5 {main}
2014-04-24 06:31:38 Error: [MissingActionException] Action UsersController::admin_edit() could not be found.
Exception Attributes: array (
  'controller' => 'UsersController',
  'action' => 'admin_edit',
)
Request URL: /admin/users/edit
Stack Trace:
#0 /Volumes/Data/nfs/zfs-student-2/users/2013/glasset/Documents/mamp/apps/frame/htdocs/lib/Cake/Routing/Dispatcher.php(185): Controller->invokeAction(Object(CakeRequest))
#1 /Volumes/Data/nfs/zfs-student-2/users/2013/glasset/Documents/mamp/apps/frame/htdocs/lib/Cake/Routing/Dispatcher.php(160): Dispatcher->_invoke(Object(UsersController), Object(CakeRequest), Object(CakeResponse))
#2 /Volumes/Data/nfs/zfs-student-2/users/2013/glasset/Documents/mamp/apps/frame/htdocs/app/webroot/index.php(108): Dispatcher->dispatch(Object(CakeRequest), Object(CakeResponse))
#3 {main}
2014-04-24 06:31:42 Error: [MissingControllerException] Controller class Index.phpController could not be found.
Exception Attributes: array (
  'class' => 'Index.phpController',
  'plugin' => NULL,
)
Request URL: /admin/index.php
Stack Trace:
#0 /Volumes/Data/nfs/zfs-student-2/users/2013/glasset/Documents/mamp/apps/frame/htdocs/app/webroot/index.php(108): Dispatcher->dispatch(Object(CakeRequest), Object(CakeResponse))
#1 {main}
2014-04-24 06:31:46 Error: [MissingControllerException] Controller class Index.phpController could not be found.
Exception Attributes: array (
  'class' => 'Index.phpController',
  'plugin' => NULL,
)
Request URL: /admin/index.php
Stack Trace:
#0 /Volumes/Data/nfs/zfs-student-2/users/2013/glasset/Documents/mamp/apps/frame/htdocs/app/webroot/index.php(108): Dispatcher->dispatch(Object(CakeRequest), Object(CakeResponse))
#1 {main}
2014-04-24 06:31:47 Error: [MissingActionException] Action UsersController::admin_signup() could not be found.
Exception Attributes: array (
  'controller' => 'UsersController',
  'action' => 'admin_signup',
)
Request URL: /admin/users/signup
Stack Trace:
#0 /Volumes/Data/nfs/zfs-student-2/users/2013/glasset/Documents/mamp/apps/frame/htdocs/lib/Cake/Routing/Dispatcher.php(185): Controller->invokeAction(Object(CakeRequest))
#1 /Volumes/Data/nfs/zfs-student-2/users/2013/glasset/Documents/mamp/apps/frame/htdocs/lib/Cake/Routing/Dispatcher.php(160): Dispatcher->_invoke(Object(UsersController), Object(CakeRequest), Object(CakeResponse))
#2 /Volumes/Data/nfs/zfs-student-2/users/2013/glasset/Documents/mamp/apps/frame/htdocs/app/webroot/index.php(108): Dispatcher->dispatch(Object(CakeRequest), Object(CakeResponse))
#3 {main}
2014-04-24 06:32:07 Error: [MissingActionException] Action UsersController::admin_index() could not be found.
Exception Attributes: array (
  'controller' => 'UsersController',
  'action' => 'admin_index',
)
Request URL: /admin/users/
Stack Trace:
#0 /Volumes/Data/nfs/zfs-student-2/users/2013/glasset/Documents/mamp/apps/frame/htdocs/lib/Cake/Routing/Dispatcher.php(185): Controller->invokeAction(Object(CakeRequest))
#1 /Volumes/Data/nfs/zfs-student-2/users/2013/glasset/Documents/mamp/apps/frame/htdocs/lib/Cake/Routing/Dispatcher.php(160): Dispatcher->_invoke(Object(UsersController), Object(CakeRequest), Object(CakeResponse))
#2 /Volumes/Data/nfs/zfs-student-2/users/2013/glasset/Documents/mamp/apps/frame/htdocs/app/webroot/index.php(108): Dispatcher->dispatch(Object(CakeRequest), Object(CakeResponse))
#3 {main}
2014-04-24 06:32:16 Error: [MissingActionException] Action UsersController::admin_admin() could not be found.
Exception Attributes: array (
  'controller' => 'UsersController',
  'action' => 'admin_admin',
)
Request URL: /admin/users/admin
Stack Trace:
#0 /Volumes/Data/nfs/zfs-student-2/users/2013/glasset/Documents/mamp/apps/frame/htdocs/lib/Cake/Routing/Dispatcher.php(185): Controller->invokeAction(Object(CakeRequest))
#1 /Volumes/Data/nfs/zfs-student-2/users/2013/glasset/Documents/mamp/apps/frame/htdocs/lib/Cake/Routing/Dispatcher.php(160): Dispatcher->_invoke(Object(UsersController), Object(CakeRequest), Object(CakeResponse))
#2 /Volumes/Data/nfs/zfs-student-2/users/2013/glasset/Documents/mamp/apps/frame/htdocs/app/webroot/index.php(108): Dispatcher->dispatch(Object(CakeRequest), Object(CakeResponse))
#3 {main}
2014-04-24 06:34:04 Error: [MissingControllerException] Controller class Index.phpController could not be found.
Exception Attributes: array (
  'class' => 'Index.phpController',
  'plugin' => NULL,
)
Request URL: /admin/index.php
Stack Trace:
#0 /Volumes/Data/nfs/zfs-student-2/users/2013/glasset/Documents/mamp/apps/frame/htdocs/app/webroot/index.php(108): Dispatcher->dispatch(Object(CakeRequest), Object(CakeResponse))
#1 {main}
2014-04-24 06:34:08 Error: [MissingActionException] Action UsersController::admin_signup() could not be found.
Exception Attributes: array (
  'controller' => 'UsersController',
  'action' => 'admin_signup',
)
Request URL: /admin/users/signup
Stack Trace:
#0 /Volumes/Data/nfs/zfs-student-2/users/2013/glasset/Documents/mamp/apps/frame/htdocs/lib/Cake/Routing/Dispatcher.php(185): Controller->invokeAction(Object(CakeRequest))
#1 /Volumes/Data/nfs/zfs-student-2/users/2013/glasset/Documents/mamp/apps/frame/htdocs/lib/Cake/Routing/Dispatcher.php(160): Dispatcher->_invoke(Object(UsersController), Object(CakeRequest), Object(CakeResponse))
#2 /Volumes/Data/nfs/zfs-student-2/users/2013/glasset/Documents/mamp/apps/frame/htdocs/app/webroot/index.php(108): Dispatcher->dispatch(Object(CakeRequest), Object(CakeResponse))
#3 {main}
2014-04-24 06:34:10 Error: [MissingActionException] Action UsersController::admin_signup() could not be found.
Exception Attributes: array (
  'controller' => 'UsersController',
  'action' => 'admin_signup',
)
Request URL: /admin/users/signup
Stack Trace:
#0 /Volumes/Data/nfs/zfs-student-2/users/2013/glasset/Documents/mamp/apps/frame/htdocs/lib/Cake/Routing/Dispatcher.php(185): Controller->invokeAction(Object(CakeRequest))
#1 /Volumes/Data/nfs/zfs-student-2/users/2013/glasset/Documents/mamp/apps/frame/htdocs/lib/Cake/Routing/Dispatcher.php(160): Dispatcher->_invoke(Object(UsersController), Object(CakeRequest), Object(CakeResponse))
#2 /Volumes/Data/nfs/zfs-student-2/users/2013/glasset/Documents/mamp/apps/frame/htdocs/app/webroot/index.php(108): Dispatcher->dispatch(Object(CakeRequest), Object(CakeResponse))
#3 {main}
2014-04-24 06:34:17 Error: [MissingActionException] Action UsersController::admin_edit() could not be found.
Exception Attributes: array (
  'controller' => 'UsersController',
  'action' => 'admin_edit',
)
Request URL: /admin/users/edit
Stack Trace:
#0 /Volumes/Data/nfs/zfs-student-2/users/2013/glasset/Documents/mamp/apps/frame/htdocs/lib/Cake/Routing/Dispatcher.php(185): Controller->invokeAction(Object(CakeRequest))
#1 /Volumes/Data/nfs/zfs-student-2/users/2013/glasset/Documents/mamp/apps/frame/htdocs/lib/Cake/Routing/Dispatcher.php(160): Dispatcher->_invoke(Object(UsersController), Object(CakeRequest), Object(CakeResponse))
#2 /Volumes/Data/nfs/zfs-student-2/users/2013/glasset/Documents/mamp/apps/frame/htdocs/app/webroot/index.php(108): Dispatcher->dispatch(Object(CakeRequest), Object(CakeResponse))
#3 {main}
2014-04-24 06:34:43 Error: [MissingControllerException] Controller class AdminController could not be found.
Exception Attributes: array (
  'class' => 'AdminController',
  'plugin' => NULL,
)
Request URL: /admin/index.php
Stack Trace:
#0 /Volumes/Data/nfs/zfs-student-2/users/2013/glasset/Documents/mamp/apps/frame/htdocs/app/webroot/index.php(108): Dispatcher->dispatch(Object(CakeRequest), Object(CakeResponse))
#1 {main}
2014-04-24 06:41:38 Error: Fatal Error (1): Call to undefined function emptyempty() in [/Volumes/Data/nfs/zfs-student-2/users/2013/glasset/Documents/mamp/apps/frame/htdocs/app/Controller/UsersController.php, line 69]
2014-04-24 06:41:38 Error: [FatalErrorException] Call to undefined function emptyempty()
Request URL: /users/add
Stack Trace:
#0 /Volumes/Data/nfs/zfs-student-2/users/2013/glasset/Documents/mamp/apps/frame/htdocs/lib/Cake/Error/ErrorHandler.php(203): ErrorHandler::handleFatalError(1, 'Call to undefin...', '/Volumes/Data/n...', 69)
#1 [internal function]: ErrorHandler::handleError(1, 'Call to undefin...', '/Volumes/Data/n...', 69, Array)
#2 /Volumes/Data/nfs/zfs-student-2/users/2013/glasset/Documents/mamp/apps/frame/htdocs/lib/Cake/Core/App.php(929): call_user_func('ErrorHandler::h...', 1, 'Call to undefin...', '/Volumes/Data/n...', 69, Array)
#3 /Volumes/Data/nfs/zfs-student-2/users/2013/glasset/Documents/mamp/apps/frame/htdocs/lib/Cake/Core/App.php(902): App::_checkFatalError()
#4 [internal function]: App::shutdown()
#5 {main}
2014-04-24 07:17:56 Error: [MissingControllerException] Controller class AdminController could not be found.
Exception Attributes: array (
  'class' => 'AdminController',
  'plugin' => NULL,
)
Request URL: /admin
Stack Trace:
#0 /Volumes/Data/nfs/zfs-student-2/users/2013/glasset/Documents/mamp/apps/frame/htdocs/app/webroot/index.php(108): Dispatcher->dispatch(Object(CakeRequest), Object(CakeResponse))
#1 {main}
2014-04-24 07:27:33 Error: Fatal Error (64): Cannot redeclare UsersController::edit() in [/Volumes/Data/nfs/zfs-student-2/users/2013/glasset/Documents/mamp/apps/frame/htdocs/app/Controller/UsersController.php, line 80]
2014-04-24 07:27:33 Error: [FatalErrorException] Cannot redeclare UsersController::edit()
Request URL: /users/admin
Stack Trace:
#0 /Volumes/Data/nfs/zfs-student-2/users/2013/glasset/Documents/mamp/apps/frame/htdocs/lib/Cake/Error/ErrorHandler.php(203): ErrorHandler::handleFatalError(64, 'Cannot redeclar...', '/Volumes/Data/n...', 80)
#1 [internal function]: ErrorHandler::handleError(64, 'Cannot redeclar...', '/Volumes/Data/n...', 80, Array)
#2 /Volumes/Data/nfs/zfs-student-2/users/2013/glasset/Documents/mamp/apps/frame/htdocs/lib/Cake/Core/App.php(929): call_user_func('ErrorHandler::h...', 64, 'Cannot redeclar...', '/Volumes/Data/n...', 80, Array)
#3 /Volumes/Data/nfs/zfs-student-2/users/2013/glasset/Documents/mamp/apps/frame/htdocs/lib/Cake/Core/App.php(902): App::_checkFatalError()
#4 [internal function]: App::shutdown()
#5 {main}
2014-04-25 03:47:18 Error: Fatal Error (4): syntax error, unexpected 'endif' (T_ENDIF) in [/Volumes/Data/nfs/zfs-student-2/users/2013/glasset/Documents/mamp/apps/frame/htdocs/app/View/Layouts/default.ctp, line 53]
2014-04-25 03:47:18 Error: [FatalErrorException] syntax error, unexpected 'endif' (T_ENDIF)
Request URL: /
Stack Trace:
#0 /Volumes/Data/nfs/zfs-student-2/users/2013/glasset/Documents/mamp/apps/frame/htdocs/lib/Cake/Error/ErrorHandler.php(203): ErrorHandler::handleFatalError(4, 'syntax error, u...', '/Volumes/Data/n...', 53)
#1 [internal function]: ErrorHandler::handleError(4, 'syntax error, u...', '/Volumes/Data/n...', 53, Array)
#2 /Volumes/Data/nfs/zfs-student-2/users/2013/glasset/Documents/mamp/apps/frame/htdocs/lib/Cake/Core/App.php(929): call_user_func('ErrorHandler::h...', 4, 'syntax error, u...', '/Volumes/Data/n...', 53, Array)
#3 /Volumes/Data/nfs/zfs-student-2/users/2013/glasset/Documents/mamp/apps/frame/htdocs/lib/Cake/Core/App.php(902): App::_checkFatalError()
#4 [internal function]: App::shutdown()
#5 {main}
2014-04-25 03:47:46 Error: Fatal Error (4): syntax error, unexpected 'endif' (T_ENDIF) in [/Volumes/Data/nfs/zfs-student-2/users/2013/glasset/Documents/mamp/apps/frame/htdocs/app/View/Layouts/default.ctp, line 53]
2014-04-25 03:47:46 Error: [FatalErrorException] syntax error, unexpected 'endif' (T_ENDIF)
Request URL: /
Stack Trace:
#0 /Volumes/Data/nfs/zfs-student-2/users/2013/glasset/Documents/mamp/apps/frame/htdocs/lib/Cake/Error/ErrorHandler.php(203): ErrorHandler::handleFatalError(4, 'syntax error, u...', '/Volumes/Data/n...', 53)
#1 [internal function]: ErrorHandler::handleError(4, 'syntax error, u...', '/Volumes/Data/n...', 53, Array)
#2 /Volumes/Data/nfs/zfs-student-2/users/2013/glasset/Documents/mamp/apps/frame/htdocs/lib/Cake/Core/App.php(929): call_user_func('ErrorHandler::h...', 4, 'syntax error, u...', '/Volumes/Data/n...', 53, Array)
#3 /Volumes/Data/nfs/zfs-student-2/users/2013/glasset/Documents/mamp/apps/frame/htdocs/lib/Cake/Core/App.php(902): App::_checkFatalError()
#4 [internal function]: App::shutdown()
#5 {main}
2014-04-25 03:47:47 Error: Fatal Error (4): syntax error, unexpected 'endif' (T_ENDIF) in [/Volumes/Data/nfs/zfs-student-2/users/2013/glasset/Documents/mamp/apps/frame/htdocs/app/View/Layouts/default.ctp, line 53]
2014-04-25 03:47:47 Error: [FatalErrorException] syntax error, unexpected 'endif' (T_ENDIF)
Request URL: /
Stack Trace:
#0 /Volumes/Data/nfs/zfs-student-2/users/2013/glasset/Documents/mamp/apps/frame/htdocs/lib/Cake/Error/ErrorHandler.php(203): ErrorHandler::handleFatalError(4, 'syntax error, u...', '/Volumes/Data/n...', 53)
#1 [internal function]: ErrorHandler::handleError(4, 'syntax error, u...', '/Volumes/Data/n...', 53, Array)
#2 /Volumes/Data/nfs/zfs-student-2/users/2013/glasset/Documents/mamp/apps/frame/htdocs/lib/Cake/Core/App.php(929): call_user_func('ErrorHandler::h...', 4, 'syntax error, u...', '/Volumes/Data/n...', 53, Array)
#3 /Volumes/Data/nfs/zfs-student-2/users/2013/glasset/Documents/mamp/apps/frame/htdocs/lib/Cake/Core/App.php(902): App::_checkFatalError()
#4 [internal function]: App::shutdown()
#5 {main}
2014-04-25 03:48:36 Error: [PDOException] SQLSTATE[HY000]: General error: 1467 Failed to read auto-increment value from storage engine
Request URL: /users/add
Stack Trace:
#0 /Volumes/Data/nfs/zfs-student-2/users/2013/glasset/Documents/mamp/apps/frame/htdocs/lib/Cake/Model/Datasource/DboSource.php(458): PDOStatement->execute(Array)
#1 /Volumes/Data/nfs/zfs-student-2/users/2013/glasset/Documents/mamp/apps/frame/htdocs/lib/Cake/Model/Datasource/DboSource.php(424): DboSource->_execute('INSERT INTO `fr...', Array)
#2 /Volumes/Data/nfs/zfs-student-2/users/2013/glasset/Documents/mamp/apps/frame/htdocs/lib/Cake/Model/Datasource/DboSource.php(1004): DboSource->execute('INSERT INTO `fr...')
#3 /Volumes/Data/nfs/zfs-student-2/users/2013/glasset/Documents/mamp/apps/frame/htdocs/lib/Cake/Model/Model.php(1832): DboSource->create(Object(User), Array, Array)
#4 /Volumes/Data/nfs/zfs-student-2/users/2013/glasset/Documents/mamp/apps/frame/htdocs/app/Controller/UsersController.php(74): Model->save(Array, true, Array)
#5 [internal function]: UsersController->add()
#6 /Volumes/Data/nfs/zfs-student-2/users/2013/glasset/Documents/mamp/apps/frame/htdocs/lib/Cake/Controller/Controller.php(490): ReflectionMethod->invokeArgs(Object(UsersController), Array)
#7 /Volumes/Data/nfs/zfs-student-2/users/2013/glasset/Documents/mamp/apps/frame/htdocs/lib/Cake/Routing/Dispatcher.php(185): Controller->invokeAction(Object(CakeRequest))
#8 /Volumes/Data/nfs/zfs-student-2/users/2013/glasset/Documents/mamp/apps/frame/htdocs/lib/Cake/Routing/Dispatcher.php(160): Dispatcher->_invoke(Object(UsersController), Object(CakeRequest), Object(CakeResponse))
#9 /Volumes/Data/nfs/zfs-student-2/users/2013/glasset/Documents/mamp/apps/frame/htdocs/app/webroot/index.php(108): Dispatcher->dispatch(Object(CakeRequest), Object(CakeResponse))
#10 {main}
2014-04-25 03:49:07 Error: [PDOException] SQLSTATE[HY000]: General error: 1467 Failed to read auto-increment value from storage engine
Request URL: /users/add
Stack Trace:
#0 /Volumes/Data/nfs/zfs-student-2/users/2013/glasset/Documents/mamp/apps/frame/htdocs/lib/Cake/Model/Datasource/DboSource.php(458): PDOStatement->execute(Array)
#1 /Volumes/Data/nfs/zfs-student-2/users/2013/glasset/Documents/mamp/apps/frame/htdocs/lib/Cake/Model/Datasource/DboSource.php(424): DboSource->_execute('INSERT INTO `fr...', Array)
#2 /Volumes/Data/nfs/zfs-student-2/users/2013/glasset/Documents/mamp/apps/frame/htdocs/lib/Cake/Model/Datasource/DboSource.php(1004): DboSource->execute('INSERT INTO `fr...')
#3 /Volumes/Data/nfs/zfs-student-2/users/2013/glasset/Documents/mamp/apps/frame/htdocs/lib/Cake/Model/Model.php(1832): DboSource->create(Object(User), Array, Array)
#4 /Volumes/Data/nfs/zfs-student-2/users/2013/glasset/Documents/mamp/apps/frame/htdocs/app/Controller/UsersController.php(74): Model->save(Array, true, Array)
#5 [internal function]: UsersController->add()
#6 /Volumes/Data/nfs/zfs-student-2/users/2013/glasset/Documents/mamp/apps/frame/htdocs/lib/Cake/Controller/Controller.php(490): ReflectionMethod->invokeArgs(Object(UsersController), Array)
#7 /Volumes/Data/nfs/zfs-student-2/users/2013/glasset/Documents/mamp/apps/frame/htdocs/lib/Cake/Routing/Dispatcher.php(185): Controller->invokeAction(Object(CakeRequest))
#8 /Volumes/Data/nfs/zfs-student-2/users/2013/glasset/Documents/mamp/apps/frame/htdocs/lib/Cake/Routing/Dispatcher.php(160): Dispatcher->_invoke(Object(UsersController), Object(CakeRequest), Object(CakeResponse))
#9 /Volumes/Data/nfs/zfs-student-2/users/2013/glasset/Documents/mamp/apps/frame/htdocs/app/webroot/index.php(108): Dispatcher->dispatch(Object(CakeRequest), Object(CakeResponse))
#10 {main}
2014-04-25 03:49:40 Error: [PDOException] SQLSTATE[HY000]: General error: 1467 Failed to read auto-increment value from storage engine
Request URL: /users/signup
Stack Trace:
#0 /Volumes/Data/nfs/zfs-student-2/users/2013/glasset/Documents/mamp/apps/frame/htdocs/lib/Cake/Model/Datasource/DboSource.php(458): PDOStatement->execute(Array)
#1 /Volumes/Data/nfs/zfs-student-2/users/2013/glasset/Documents/mamp/apps/frame/htdocs/lib/Cake/Model/Datasource/DboSource.php(424): DboSource->_execute('INSERT INTO `fr...', Array)
#2 /Volumes/Data/nfs/zfs-student-2/users/2013/glasset/Documents/mamp/apps/frame/htdocs/lib/Cake/Model/Datasource/DboSource.php(1004): DboSource->execute('INSERT INTO `fr...')
#3 /Volumes/Data/nfs/zfs-student-2/users/2013/glasset/Documents/mamp/apps/frame/htdocs/lib/Cake/Model/Model.php(1832): DboSource->create(Object(User), Array, Array)
#4 /Volumes/Data/nfs/zfs-student-2/users/2013/glasset/Documents/mamp/apps/frame/htdocs/app/Controller/UsersController.php(11): Model->save(Array, true, Array)
#5 [internal function]: UsersController->signup()
#6 /Volumes/Data/nfs/zfs-student-2/users/2013/glasset/Documents/mamp/apps/frame/htdocs/lib/Cake/Controller/Controller.php(490): ReflectionMethod->invokeArgs(Object(UsersController), Array)
#7 /Volumes/Data/nfs/zfs-student-2/users/2013/glasset/Documents/mamp/apps/frame/htdocs/lib/Cake/Routing/Dispatcher.php(185): Controller->invokeAction(Object(CakeRequest))
#8 /Volumes/Data/nfs/zfs-student-2/users/2013/glasset/Documents/mamp/apps/frame/htdocs/lib/Cake/Routing/Dispatcher.php(160): Dispatcher->_invoke(Object(UsersController), Object(CakeRequest), Object(CakeResponse))
#9 /Volumes/Data/nfs/zfs-student-2/users/2013/glasset/Documents/mamp/apps/frame/htdocs/app/webroot/index.php(108): Dispatcher->dispatch(Object(CakeRequest), Object(CakeResponse))
#10 {main}
2014-04-25 04:02:42 Error: [PDOException] SQLSTATE[HY000]: General error: 1467 Failed to read auto-increment value from storage engine
Request URL: /users/add
Stack Trace:
#0 /Volumes/Data/nfs/zfs-student-2/users/2013/glasset/Documents/mamp/apps/frame/htdocs/lib/Cake/Model/Datasource/DboSource.php(458): PDOStatement->execute(Array)
#1 /Volumes/Data/nfs/zfs-student-2/users/2013/glasset/Documents/mamp/apps/frame/htdocs/lib/Cake/Model/Datasource/DboSource.php(424): DboSource->_execute('INSERT INTO `fr...', Array)
#2 /Volumes/Data/nfs/zfs-student-2/users/2013/glasset/Documents/mamp/apps/frame/htdocs/lib/Cake/Model/Datasource/DboSource.php(1004): DboSource->execute('INSERT INTO `fr...')
#3 /Volumes/Data/nfs/zfs-student-2/users/2013/glasset/Documents/mamp/apps/frame/htdocs/lib/Cake/Model/Model.php(1832): DboSource->create(Object(User), Array, Array)
#4 /Volumes/Data/nfs/zfs-student-2/users/2013/glasset/Documents/mamp/apps/frame/htdocs/app/Controller/UsersController.php(84): Model->save(Array, true, Array)
#5 [internal function]: UsersController->add()
#6 /Volumes/Data/nfs/zfs-student-2/users/2013/glasset/Documents/mamp/apps/frame/htdocs/lib/Cake/Controller/Controller.php(490): ReflectionMethod->invokeArgs(Object(UsersController), Array)
#7 /Volumes/Data/nfs/zfs-student-2/users/2013/glasset/Documents/mamp/apps/frame/htdocs/lib/Cake/Routing/Dispatcher.php(185): Controller->invokeAction(Object(CakeRequest))
#8 /Volumes/Data/nfs/zfs-student-2/users/2013/glasset/Documents/mamp/apps/frame/htdocs/lib/Cake/Routing/Dispatcher.php(160): Dispatcher->_invoke(Object(UsersController), Object(CakeRequest), Object(CakeResponse))
#9 /Volumes/Data/nfs/zfs-student-2/users/2013/glasset/Documents/mamp/apps/frame/htdocs/app/webroot/index.php(108): Dispatcher->dispatch(Object(CakeRequest), Object(CakeResponse))
#10 {main}
2014-04-25 04:04:29 Error: [PDOException] SQLSTATE[HY000]: General error: 1467 Failed to read auto-increment value from storage engine
Request URL: /users/signup
Stack Trace:
#0 /Volumes/Data/nfs/zfs-student-2/users/2013/glasset/Documents/mamp/apps/frame/htdocs/lib/Cake/Model/Datasource/DboSource.php(458): PDOStatement->execute(Array)
#1 /Volumes/Data/nfs/zfs-student-2/users/2013/glasset/Documents/mamp/apps/frame/htdocs/lib/Cake/Model/Datasource/DboSource.php(424): DboSource->_execute('INSERT INTO `fr...', Array)
#2 /Volumes/Data/nfs/zfs-student-2/users/2013/glasset/Documents/mamp/apps/frame/htdocs/lib/Cake/Model/Datasource/DboSource.php(1004): DboSource->execute('INSERT INTO `fr...')
#3 /Volumes/Data/nfs/zfs-student-2/users/2013/glasset/Documents/mamp/apps/frame/htdocs/lib/Cake/Model/Model.php(1832): DboSource->create(Object(User), Array, Array)
#4 /Volumes/Data/nfs/zfs-student-2/users/2013/glasset/Documents/mamp/apps/frame/htdocs/app/Controller/UsersController.php(11): Model->save(Array, true, Array)
#5 [internal function]: UsersController->signup()
#6 /Volumes/Data/nfs/zfs-student-2/users/2013/glasset/Documents/mamp/apps/frame/htdocs/lib/Cake/Controller/Controller.php(490): ReflectionMethod->invokeArgs(Object(UsersController), Array)
#7 /Volumes/Data/nfs/zfs-student-2/users/2013/glasset/Documents/mamp/apps/frame/htdocs/lib/Cake/Routing/Dispatcher.php(185): Controller->invokeAction(Object(CakeRequest))
#8 /Volumes/Data/nfs/zfs-student-2/users/2013/glasset/Documents/mamp/apps/frame/htdocs/lib/Cake/Routing/Dispatcher.php(160): Dispatcher->_invoke(Object(UsersController), Object(CakeRequest), Object(CakeResponse))
#9 /Volumes/Data/nfs/zfs-student-2/users/2013/glasset/Documents/mamp/apps/frame/htdocs/app/webroot/index.php(108): Dispatcher->dispatch(Object(CakeRequest), Object(CakeResponse))
#10 {main}
2014-04-25 04:07:07 Error: [PDOException] SQLSTATE[HY000]: General error: 1467 Failed to read auto-increment value from storage engine
Request URL: /users/signup
Stack Trace:
#0 /Volumes/Data/nfs/zfs-student-2/users/2013/glasset/Documents/mamp/apps/frame/htdocs/lib/Cake/Model/Datasource/DboSource.php(458): PDOStatement->execute(Array)
#1 /Volumes/Data/nfs/zfs-student-2/users/2013/glasset/Documents/mamp/apps/frame/htdocs/lib/Cake/Model/Datasource/DboSource.php(424): DboSource->_execute('INSERT INTO `fr...', Array)
#2 /Volumes/Data/nfs/zfs-student-2/users/2013/glasset/Documents/mamp/apps/frame/htdocs/lib/Cake/Model/Datasource/DboSource.php(1004): DboSource->execute('INSERT INTO `fr...')
#3 /Volumes/Data/nfs/zfs-student-2/users/2013/glasset/Documents/mamp/apps/frame/htdocs/lib/Cake/Model/Model.php(1832): DboSource->create(Object(User), Array, Array)
#4 /Volumes/Data/nfs/zfs-student-2/users/2013/glasset/Documents/mamp/apps/frame/htdocs/app/Controller/UsersController.php(11): Model->save(Array, true, Array)
#5 [internal function]: UsersController->signup()
#6 /Volumes/Data/nfs/zfs-student-2/users/2013/glasset/Documents/mamp/apps/frame/htdocs/lib/Cake/Controller/Controller.php(490): ReflectionMethod->invokeArgs(Object(UsersController), Array)
#7 /Volumes/Data/nfs/zfs-student-2/users/2013/glasset/Documents/mamp/apps/frame/htdocs/lib/Cake/Routing/Dispatcher.php(185): Controller->invokeAction(Object(CakeRequest))
#8 /Volumes/Data/nfs/zfs-student-2/users/2013/glasset/Documents/mamp/apps/frame/htdocs/lib/Cake/Routing/Dispatcher.php(160): Dispatcher->_invoke(Object(UsersController), Object(CakeRequest), Object(CakeResponse))
#9 /Volumes/Data/nfs/zfs-student-2/users/2013/glasset/Documents/mamp/apps/frame/htdocs/app/webroot/index.php(108): Dispatcher->dispatch(Object(CakeRequest), Object(CakeResponse))
#10 {main}
